{"C:\\Users\\kunda\\OneDrive\\Documents\\React projects\\Moto_Booking_MS-\\src\\app\\layout.js": {"path":"C:\\Users\\kunda\\OneDrive\\Documents\\React projects\\Moto_Booking_MS-\\src\\app\\layout.js","statementMap":{"0":{"start":{"line":8,"column":24},"end":{"line":8,"column":35}},"1":{"start":{"line":3,"column":13},"end":{"line":3,"column":24}},"2":{"start":{"line":1,"column":7},"end":{"line":1,"column":null}},"3":{"start":{"line":3,"column":24},"end":{"line":6,"column":null}}},"fnMap":{"0":{"name":"RootLayout","decl":{"start":{"line":8,"column":24},"end":{"line":8,"column":35}},"loc":{"start":{"line":8,"column":47},"end":{"line":14,"column":null}}}},"branchMap":{},"s":{"0":0,"1":0,"2":0,"3":0},"f":{"0":0},"b":{}}
,"C:\\Users\\kunda\\OneDrive\\Documents\\React projects\\Moto_Booking_MS-\\src\\app\\page.js": {"path":"C:\\Users\\kunda\\OneDrive\\Documents\\React projects\\Moto_Booking_MS-\\src\\app\\page.js","statementMap":{"0":{"start":{"line":74,"column":24},"end":{"line":74,"column":null}},"1":{"start":{"line":11,"column":13},"end":{"line":11,"column":24}},"2":{"start":{"line":1,"column":17},"end":{"line":1,"column":null}},"3":{"start":{"line":2,"column":18},"end":{"line":2,"column":null}},"4":{"start":{"line":3,"column":19},"end":{"line":3,"column":null}},"5":{"start":{"line":4,"column":19},"end":{"line":4,"column":null}},"6":{"start":{"line":9,"column":7},"end":{"line":9,"column":null}},"7":{"start":{"line":11,"column":24},"end":{"line":14,"column":null}},"8":{"start":{"line":16,"column":14},"end":{"line":21,"column":null}},"9":{"start":{"line":23,"column":17},"end":{"line":30,"column":null}},"10":{"start":{"line":32,"column":14},"end":{"line":72,"column":null}},"11":{"start":{"line":132,"column":27},"end":{"line":132,"column":33}},"12":{"start":{"line":133,"column":14},"end":{"line":134,"column":34}},"13":{"start":{"line":163,"column":27},"end":{"line":163,"column":33}},"14":{"start":{"line":164,"column":14},"end":{"line":165,"column":35}},"15":{"start":{"line":191,"column":27},"end":{"line":191,"column":33}},"16":{"start":{"line":192,"column":14},"end":{"line":193,"column":34}},"17":{"start":{"line":202,"column":22},"end":{"line":202,"column":34}}},"fnMap":{"0":{"name":"HomePage","decl":{"start":{"line":74,"column":24},"end":{"line":74,"column":null}},"loc":{"start":{"line":74,"column":24},"end":{"line":235,"column":null}}},"1":{"name":"(anonymous_5)","decl":{"start":{"line":131,"column":23},"end":{"line":131,"column":24}},"loc":{"start":{"line":131,"column":24},"end":{"line":145,"column":null}}},"2":{"name":"(anonymous_6)","decl":{"start":{"line":162,"column":26},"end":{"line":162,"column":27}},"loc":{"start":{"line":162,"column":27},"end":{"line":173,"column":null}}},"3":{"name":"(anonymous_7)","decl":{"start":{"line":190,"column":23},"end":{"line":190,"column":24}},"loc":{"start":{"line":190,"column":24},"end":{"line":209,"column":null}}},"4":{"name":"(anonymous_8)","decl":{"start":{"line":201,"column":34},"end":{"line":201,"column":35}},"loc":{"start":{"line":202,"column":22},"end":{"line":202,"column":34}}}},"branchMap":{},"s":{"0":0,"1":0,"2":0,"3":0,"4":0,"5":0,"6":0,"7":0,"8":0,"9":0,"10":0,"11":0,"12":0,"13":0,"14":0,"15":0,"16":0,"17":0},"f":{"0":0,"1":0,"2":0,"3":0,"4":0},"b":{}}
,"C:\\Users\\kunda\\OneDrive\\Documents\\React projects\\Moto_Booking_MS-\\src\\app\\(auth)\\layout.js": {"path":"C:\\Users\\kunda\\OneDrive\\Documents\\React projects\\Moto_Booking_MS-\\src\\app\\(auth)\\layout.js","statementMap":{"0":{"start":{"line":1,"column":24},"end":{"line":1,"column":35}}},"fnMap":{"0":{"name":"AuthLayout","decl":{"start":{"line":1,"column":24},"end":{"line":1,"column":35}},"loc":{"start":{"line":1,"column":47},"end":{"line":7,"column":null}}}},"branchMap":{},"s":{"0":0},"f":{"0":0},"b":{}}
,"C:\\Users\\kunda\\OneDrive\\Documents\\React projects\\Moto_Booking_MS-\\src\\app\\(auth)\\login\\page.js": {"path":"C:\\Users\\kunda\\OneDrive\\Documents\\React projects\\Moto_Booking_MS-\\src\\app\\(auth)\\login\\page.js","statementMap":{"0":{"start":{"line":234,"column":24},"end":{"line":234,"column":null}},"1":{"start":{"line":3,"column":46},"end":{"line":3,"column":null}},"2":{"start":{"line":4,"column":17},"end":{"line":4,"column":null}},"3":{"start":{"line":5,"column":43},"end":{"line":5,"column":null}},"4":{"start":{"line":6,"column":88},"end":{"line":6,"column":null}},"5":{"start":{"line":9,"column":26},"end":{"line":9,"column":48}},"6":{"start":{"line":10,"column":28},"end":{"line":10,"column":null}},"7":{"start":{"line":11,"column":34},"end":{"line":11,"column":null}},"8":{"start":{"line":12,"column":36},"end":{"line":12,"column":null}},"9":{"start":{"line":13,"column":28},"end":{"line":13,"column":null}},"10":{"start":{"line":14,"column":32},"end":{"line":14,"column":null}},"11":{"start":{"line":15,"column":17},"end":{"line":15,"column":null}},"12":{"start":{"line":16,"column":23},"end":{"line":16,"column":null}},"13":{"start":{"line":18,"column":2},"end":{"line":22,"column":null}},"14":{"start":{"line":19,"column":4},"end":{"line":21,"column":null}},"15":{"start":{"line":20,"column":6},"end":{"line":20,"column":null}},"16":{"start":{"line":24,"column":22},"end":{"line":62,"column":null}},"17":{"start":{"line":25,"column":4},"end":{"line":25,"column":null}},"18":{"start":{"line":26,"column":4},"end":{"line":26,"column":null}},"19":{"start":{"line":27,"column":4},"end":{"line":27,"column":null}},"20":{"start":{"line":29,"column":4},"end":{"line":61,"column":null}},"21":{"start":{"line":30,"column":18},"end":{"line":34,"column":null}},"22":{"start":{"line":36,"column":26},"end":{"line":36,"column":null}},"23":{"start":{"line":37,"column":6},"end":{"line":41,"column":null}},"24":{"start":{"line":38,"column":21},"end":{"line":38,"column":null}},"25":{"start":{"line":39,"column":8},"end":{"line":39,"column":null}},"26":{"start":{"line":40,"column":8},"end":{"line":40,"column":null}},"27":{"start":{"line":43,"column":19},"end":{"line":43,"column":null}},"28":{"start":{"line":45,"column":6},"end":{"line":47,"column":null}},"29":{"start":{"line":46,"column":8},"end":{"line":46,"column":null}},"30":{"start":{"line":50,"column":6},"end":{"line":56,"column":null}},"31":{"start":{"line":51,"column":8},"end":{"line":51,"column":null}},"32":{"start":{"line":52,"column":13},"end":{"line":56,"column":null}},"33":{"start":{"line":53,"column":8},"end":{"line":53,"column":null}},"34":{"start":{"line":55,"column":8},"end":{"line":55,"column":null}},"35":{"start":{"line":58,"column":6},"end":{"line":58,"column":null}},"36":{"start":{"line":60,"column":6},"end":{"line":60,"column":null}},"37":{"start":{"line":139,"column":14},"end":{"line":140,"column":null}},"38":{"start":{"line":141,"column":31},"end":{"line":141,"column":null}},"39":{"start":{"line":169,"column":35},"end":{"line":169,"column":null}},"40":{"start":{"line":193,"column":35},"end":{"line":193,"column":null}}},"fnMap":{"0":{"name":"LoginContent","decl":{"start":{"line":8,"column":9},"end":{"line":8,"column":null}},"loc":{"start":{"line":8,"column":9},"end":{"line":232,"column":null}}},"1":{"name":"(anonymous_3)","decl":{"start":{"line":18,"column":12},"end":{"line":18,"column":null}},"loc":{"start":{"line":18,"column":12},"end":{"line":22,"column":5}}},"2":{"name":"(anonymous_4)","decl":{"start":{"line":24,"column":22},"end":{"line":24,"column":29}},"loc":{"start":{"line":24,"column":29},"end":{"line":62,"column":null}}},"3":{"name":"(anonymous_5)","decl":{"start":{"line":138,"column":48},"end":{"line":138,"column":49}},"loc":{"start":{"line":139,"column":14},"end":{"line":140,"column":null}}},"4":{"name":"(anonymous_6)","decl":{"start":{"line":141,"column":25},"end":{"line":141,"column":31}},"loc":{"start":{"line":141,"column":31},"end":{"line":141,"column":null}}},"5":{"name":"(anonymous_7)","decl":{"start":{"line":169,"column":28},"end":{"line":169,"column":29}},"loc":{"start":{"line":169,"column":35},"end":{"line":169,"column":null}}},"6":{"name":"(anonymous_8)","decl":{"start":{"line":193,"column":28},"end":{"line":193,"column":29}},"loc":{"start":{"line":193,"column":35},"end":{"line":193,"column":null}}},"7":{"name":"LoginPage","decl":{"start":{"line":234,"column":24},"end":{"line":234,"column":null}},"loc":{"start":{"line":234,"column":24},"end":{"line":240,"column":null}}}},"branchMap":{"0":{"loc":{"start":{"line":19,"column":4},"end":{"line":21,"column":null}},"type":"if","locations":[{"start":{"line":19,"column":4},"end":{"line":21,"column":null}}]},"1":{"loc":{"start":{"line":37,"column":6},"end":{"line":41,"column":null}},"type":"if","locations":[{"start":{"line":37,"column":6},"end":{"line":41,"column":null}}]},"2":{"loc":{"start":{"line":37,"column":10},"end":{"line":37,"column":69}},"type":"binary-expr","locations":[{"start":{"line":37,"column":10},"end":{"line":37,"column":26}},{"start":{"line":37,"column":26},"end":{"line":37,"column":69}}]},"3":{"loc":{"start":{"line":45,"column":6},"end":{"line":47,"column":null}},"type":"if","locations":[{"start":{"line":45,"column":6},"end":{"line":47,"column":null}}]},"4":{"loc":{"start":{"line":46,"column":24},"end":{"line":46,"column":null}},"type":"binary-expr","locations":[{"start":{"line":46,"column":24},"end":{"line":46,"column":36}},{"start":{"line":46,"column":40},"end":{"line":46,"column":null}}]},"5":{"loc":{"start":{"line":50,"column":6},"end":{"line":56,"column":null}},"type":"if","locations":[{"start":{"line":50,"column":6},"end":{"line":56,"column":null}},{"start":{"line":52,"column":13},"end":{"line":56,"column":null}}]},"6":{"loc":{"start":{"line":52,"column":13},"end":{"line":56,"column":null}},"type":"if","locations":[{"start":{"line":52,"column":13},"end":{"line":56,"column":null}},{"start":{"line":54,"column":13},"end":{"line":56,"column":null}}]},"7":{"loc":{"start":{"line":126,"column":11},"end":{"line":126,"column":null}},"type":"binary-expr","locations":[{"start":{"line":126,"column":11},"end":{"line":126,"column":null}}]},"8":{"loc":{"start":{"line":131,"column":11},"end":{"line":131,"column":null}},"type":"binary-expr","locations":[{"start":{"line":131,"column":11},"end":{"line":131,"column":null}}]},"9":{"loc":{"start":{"line":143,"column":18},"end":{"line":145,"column":null}},"type":"cond-expr","locations":[{"start":{"line":144,"column":22},"end":{"line":144,"column":null}},{"start":{"line":145,"column":22},"end":{"line":145,"column":null}}]},"10":{"loc":{"start":{"line":161,"column":20},"end":{"line":163,"column":21}},"type":"cond-expr","locations":[{"start":{"line":161,"column":20},"end":{"line":163,"column":21}}]},"11":{"loc":{"start":{"line":171,"column":31},"end":{"line":171,"column":null}},"type":"cond-expr","locations":[{"start":{"line":171,"column":50},"end":{"line":171,"column":73}},{"start":{"line":171,"column":73},"end":{"line":171,"column":null}}]},"12":{"loc":{"start":{"line":204,"column":312},"end":{"line":204,"column":362}},"type":"cond-expr","locations":[{"start":{"line":204,"column":324},"end":{"line":204,"column":358}},{"start":{"line":204,"column":358},"end":{"line":204,"column":362}}]},"13":{"loc":{"start":{"line":208,"column":18},"end":{"line":208,"column":null}},"type":"cond-expr","locations":[{"start":{"line":208,"column":18},"end":{"line":208,"column":null}}]}},"s":{"0":0,"1":0,"2":0,"3":0,"4":0,"5":0,"6":0,"7":0,"8":0,"9":0,"10":0,"11":0,"12":0,"13":0,"14":0,"15":0,"16":0,"17":0,"18":0,"19":0,"20":0,"21":0,"22":0,"23":0,"24":0,"25":0,"26":0,"27":0,"28":0,"29":0,"30":0,"31":0,"32":0,"33":0,"34":0,"35":0,"36":0,"37":0,"38":0,"39":0,"40":0},"f":{"0":0,"1":0,"2":0,"3":0,"4":0,"5":0,"6":0,"7":0},"b":{"0":[0],"1":[0],"2":[0,0],"3":[0],"4":[0,0],"5":[0,0],"6":[0,0],"7":[0],"8":[0],"9":[0,0],"10":[0],"11":[0,0],"12":[0,0],"13":[0]}}
,"C:\\Users\\kunda\\OneDrive\\Documents\\React projects\\Moto_Booking_MS-\\src\\app\\(auth)\\register\\page.js": {"path":"C:\\Users\\kunda\\OneDrive\\Documents\\React projects\\Moto_Booking_MS-\\src\\app\\(auth)\\register\\page.js","statementMap":{"0":{"start":{"line":8,"column":24},"end":{"line":8,"column":null}},"1":{"start":{"line":3,"column":25},"end":{"line":3,"column":null}},"2":{"start":{"line":4,"column":17},"end":{"line":4,"column":null}},"3":{"start":{"line":5,"column":26},"end":{"line":5,"column":null}},"4":{"start":{"line":6,"column":88},"end":{"line":6,"column":null}},"5":{"start":{"line":9,"column":26},"end":{"line":9,"column":null}},"6":{"start":{"line":10,"column":34},"end":{"line":15,"column":null}},"7":{"start":{"line":16,"column":36},"end":{"line":16,"column":null}},"8":{"start":{"line":17,"column":28},"end":{"line":17,"column":null}},"9":{"start":{"line":18,"column":17},"end":{"line":18,"column":null}},"10":{"start":{"line":20,"column":25},"end":{"line":60,"column":null}},"11":{"start":{"line":21,"column":4},"end":{"line":21,"column":null}},"12":{"start":{"line":22,"column":4},"end":{"line":22,"column":null}},"13":{"start":{"line":23,"column":4},"end":{"line":23,"column":null}},"14":{"start":{"line":26,"column":23},"end":{"line":26,"column":null}},"15":{"start":{"line":27,"column":4},"end":{"line":31,"column":null}},"16":{"start":{"line":28,"column":6},"end":{"line":28,"column":null}},"17":{"start":{"line":29,"column":6},"end":{"line":29,"column":null}},"18":{"start":{"line":30,"column":6},"end":{"line":30,"column":null}},"19":{"start":{"line":33,"column":4},"end":{"line":59,"column":null}},"20":{"start":{"line":34,"column":18},"end":{"line":38,"column":null}},"21":{"start":{"line":40,"column":26},"end":{"line":40,"column":null}},"22":{"start":{"line":41,"column":6},"end":{"line":45,"column":null}},"23":{"start":{"line":42,"column":21},"end":{"line":42,"column":null}},"24":{"start":{"line":43,"column":8},"end":{"line":43,"column":null}},"25":{"start":{"line":44,"column":8},"end":{"line":44,"column":null}},"26":{"start":{"line":47,"column":19},"end":{"line":47,"column":null}},"27":{"start":{"line":49,"column":6},"end":{"line":51,"column":null}},"28":{"start":{"line":50,"column":8},"end":{"line":50,"column":null}},"29":{"start":{"line":54,"column":6},"end":{"line":54,"column":null}},"30":{"start":{"line":56,"column":6},"end":{"line":56,"column":null}},"31":{"start":{"line":58,"column":6},"end":{"line":58,"column":null}},"32":{"start":{"line":62,"column":23},"end":{"line":65,"column":null}},"33":{"start":{"line":63,"column":28},"end":{"line":63,"column":36}},"34":{"start":{"line":64,"column":4},"end":{"line":64,"column":null}},"35":{"start":{"line":64,"column":27},"end":{"line":64,"column":null}},"36":{"start":{"line":132,"column":29},"end":{"line":132,"column":null}},"37":{"start":{"line":145,"column":29},"end":{"line":145,"column":null}}},"fnMap":{"0":{"name":"RegisterPage","decl":{"start":{"line":8,"column":24},"end":{"line":8,"column":null}},"loc":{"start":{"line":8,"column":24},"end":{"line":281,"column":null}}},"1":{"name":"(anonymous_3)","decl":{"start":{"line":20,"column":25},"end":{"line":20,"column":32}},"loc":{"start":{"line":20,"column":32},"end":{"line":60,"column":null}}},"2":{"name":"(anonymous_4)","decl":{"start":{"line":62,"column":23},"end":{"line":62,"column":24}},"loc":{"start":{"line":62,"column":24},"end":{"line":65,"column":null}}},"3":{"name":"(anonymous_5)","decl":{"start":{"line":64,"column":16},"end":{"line":64,"column":17}},"loc":{"start":{"line":64,"column":27},"end":{"line":64,"column":null}}},"4":{"name":"(anonymous_6)","decl":{"start":{"line":132,"column":23},"end":{"line":132,"column":29}},"loc":{"start":{"line":132,"column":29},"end":{"line":132,"column":null}}},"5":{"name":"(anonymous_7)","decl":{"start":{"line":145,"column":23},"end":{"line":145,"column":29}},"loc":{"start":{"line":145,"column":29},"end":{"line":145,"column":null}}}},"branchMap":{"0":{"loc":{"start":{"line":27,"column":4},"end":{"line":31,"column":null}},"type":"if","locations":[{"start":{"line":27,"column":4},"end":{"line":31,"column":null}}]},"1":{"loc":{"start":{"line":41,"column":6},"end":{"line":45,"column":null}},"type":"if","locations":[{"start":{"line":41,"column":6},"end":{"line":45,"column":null}}]},"2":{"loc":{"start":{"line":41,"column":10},"end":{"line":41,"column":69}},"type":"binary-expr","locations":[{"start":{"line":41,"column":10},"end":{"line":41,"column":26}},{"start":{"line":41,"column":26},"end":{"line":41,"column":69}}]},"3":{"loc":{"start":{"line":49,"column":6},"end":{"line":51,"column":null}},"type":"if","locations":[{"start":{"line":49,"column":6},"end":{"line":51,"column":null}}]},"4":{"loc":{"start":{"line":50,"column":24},"end":{"line":50,"column":null}},"type":"binary-expr","locations":[{"start":{"line":50,"column":24},"end":{"line":50,"column":36}},{"start":{"line":50,"column":40},"end":{"line":50,"column":null}}]},"5":{"loc":{"start":{"line":125,"column":11},"end":{"line":125,"column":null}},"type":"binary-expr","locations":[{"start":{"line":125,"column":11},"end":{"line":125,"column":null}}]},"6":{"loc":{"start":{"line":134,"column":16},"end":{"line":136,"column":null}},"type":"cond-expr","locations":[{"start":{"line":135,"column":20},"end":{"line":135,"column":null}},{"start":{"line":136,"column":20},"end":{"line":136,"column":null}}]},"7":{"loc":{"start":{"line":139,"column":48},"end":{"line":139,"column":131}},"type":"cond-expr","locations":[{"start":{"line":139,"column":70},"end":{"line":139,"column":102}},{"start":{"line":139,"column":102},"end":{"line":139,"column":131}}]},"8":{"loc":{"start":{"line":142,"column":52},"end":{"line":142,"column":109}},"type":"cond-expr","locations":[{"start":{"line":142,"column":74},"end":{"line":142,"column":92}},{"start":{"line":142,"column":92},"end":{"line":142,"column":109}}]},"9":{"loc":{"start":{"line":147,"column":16},"end":{"line":149,"column":null}},"type":"cond-expr","locations":[{"start":{"line":148,"column":20},"end":{"line":148,"column":null}},{"start":{"line":149,"column":20},"end":{"line":149,"column":null}}]},"10":{"loc":{"start":{"line":152,"column":48},"end":{"line":152,"column":128}},"type":"cond-expr","locations":[{"start":{"line":152,"column":67},"end":{"line":152,"column":99}},{"start":{"line":152,"column":99},"end":{"line":152,"column":128}}]},"11":{"loc":{"start":{"line":155,"column":52},"end":{"line":155,"column":106}},"type":"cond-expr","locations":[{"start":{"line":155,"column":71},"end":{"line":155,"column":89}},{"start":{"line":155,"column":89},"end":{"line":155,"column":106}}]},"12":{"loc":{"start":{"line":241,"column":13},"end":{"line":241,"column":null}},"type":"binary-expr","locations":[{"start":{"line":241,"column":13},"end":{"line":241,"column":null}}]},"13":{"loc":{"start":{"line":252,"column":314},"end":{"line":252,"column":364}},"type":"cond-expr","locations":[{"start":{"line":252,"column":326},"end":{"line":252,"column":360}},{"start":{"line":252,"column":360},"end":{"line":252,"column":364}}]},"14":{"loc":{"start":{"line":256,"column":20},"end":{"line":256,"column":null}},"type":"cond-expr","locations":[{"start":{"line":256,"column":20},"end":{"line":256,"column":null}}]}},"s":{"0":0,"1":0,"2":0,"3":0,"4":0,"5":0,"6":0,"7":0,"8":0,"9":0,"10":0,"11":0,"12":0,"13":0,"14":0,"15":0,"16":0,"17":0,"18":0,"19":0,"20":0,"21":0,"22":0,"23":0,"24":0,"25":0,"26":0,"27":0,"28":0,"29":0,"30":0,"31":0,"32":0,"33":0,"34":0,"35":0,"36":0,"37":0},"f":{"0":0,"1":0,"2":0,"3":0,"4":0,"5":0},"b":{"0":[0],"1":[0],"2":[0,0],"3":[0],"4":[0,0],"5":[0],"6":[0,0],"7":[0,0],"8":[0,0],"9":[0,0],"10":[0,0],"11":[0,0],"12":[0],"13":[0,0],"14":[0]}}
,"C:\\Users\\kunda\\OneDrive\\Documents\\React projects\\Moto_Booking_MS-\\src\\app\\admin\\layout.js": {"path":"C:\\Users\\kunda\\OneDrive\\Documents\\React projects\\Moto_Booking_MS-\\src\\app\\admin\\layout.js","statementMap":{"0":{"start":{"line":3,"column":24},"end":{"line":3,"column":36}},"1":{"start":{"line":1,"column":20},"end":{"line":1,"column":null}}},"fnMap":{"0":{"name":"AdminLayout","decl":{"start":{"line":3,"column":24},"end":{"line":3,"column":36}},"loc":{"start":{"line":3,"column":48},"end":{"line":10,"column":null}}}},"branchMap":{},"s":{"0":0,"1":0},"f":{"0":0},"b":{}}
,"C:\\Users\\kunda\\OneDrive\\Documents\\React projects\\Moto_Booking_MS-\\src\\app\\admin\\bookings\\page.js": {"path":"C:\\Users\\kunda\\OneDrive\\Documents\\React projects\\Moto_Booking_MS-\\src\\app\\admin\\bookings\\page.js","statementMap":{"0":{"start":{"line":14,"column":24},"end":{"line":14,"column":null}},"1":{"start":{"line":3,"column":36},"end":{"line":3,"column":null}},"2":{"start":{"line":4,"column":54},"end":{"line":4,"column":null}},"3":{"start":{"line":5,"column":26},"end":{"line":5,"column":null}},"4":{"start":{"line":7,"column":20},"end":{"line":12,"column":null}},"5":{"start":{"line":15,"column":34},"end":{"line":15,"column":null}},"6":{"start":{"line":16,"column":36},"end":{"line":16,"column":null}},"7":{"start":{"line":17,"column":17},"end":{"line":17,"column":null}},"8":{"start":{"line":19,"column":2},"end":{"line":35,"column":null}},"9":{"start":{"line":20,"column":26},"end":{"line":32,"column":null}},"10":{"start":{"line":21,"column":6},"end":{"line":31,"column":null}},"11":{"start":{"line":22,"column":20},"end":{"line":22,"column":null}},"12":{"start":{"line":23,"column":8},"end":{"line":23,"column":null}},"13":{"start":{"line":23,"column":21},"end":{"line":23,"column":null}},"14":{"start":{"line":25,"column":21},"end":{"line":25,"column":null}},"15":{"start":{"line":26,"column":8},"end":{"line":26,"column":null}},"16":{"start":{"line":28,"column":8},"end":{"line":28,"column":null}},"17":{"start":{"line":30,"column":8},"end":{"line":30,"column":null}},"18":{"start":{"line":34,"column":4},"end":{"line":34,"column":null}},"19":{"start":{"line":37,"column":2},"end":{"line":44,"column":null}},"20":{"start":{"line":77,"column":18},"end":{"line":77,"column":39}}},"fnMap":{"0":{"name":"BookingsPage","decl":{"start":{"line":14,"column":24},"end":{"line":14,"column":null}},"loc":{"start":{"line":14,"column":24},"end":{"line":150,"column":null}}},"1":{"name":"(anonymous_2)","decl":{"start":{"line":19,"column":12},"end":{"line":19,"column":null}},"loc":{"start":{"line":19,"column":12},"end":{"line":35,"column":5}}},"2":{"name":"(anonymous_3)","decl":{"start":{"line":20,"column":26},"end":{"line":20,"column":null}},"loc":{"start":{"line":20,"column":26},"end":{"line":32,"column":null}}},"3":{"name":"(anonymous_4)","decl":{"start":{"line":76,"column":29},"end":{"line":76,"column":30}},"loc":{"start":{"line":77,"column":18},"end":{"line":77,"column":39}}}},"branchMap":{"0":{"loc":{"start":{"line":23,"column":8},"end":{"line":23,"column":null}},"type":"if","locations":[{"start":{"line":23,"column":8},"end":{"line":23,"column":null}}]},"1":{"loc":{"start":{"line":37,"column":2},"end":{"line":44,"column":null}},"type":"if","locations":[{"start":{"line":37,"column":2},"end":{"line":44,"column":null}}]},"2":{"loc":{"start":{"line":76,"column":16},"end":{"line":77,"column":39}},"type":"cond-expr","locations":[{"start":{"line":76,"column":16},"end":{"line":77,"column":39}}]},"3":{"loc":{"start":{"line":87,"column":66},"end":{"line":87,"column":null}},"type":"binary-expr","locations":[{"start":{"line":87,"column":66},"end":{"line":87,"column":92}},{"start":{"line":87,"column":92},"end":{"line":87,"column":null}}]},"4":{"loc":{"start":{"line":88,"column":64},"end":{"line":88,"column":null}},"type":"binary-expr","locations":[{"start":{"line":88,"column":64},"end":{"line":88,"column":91}},{"start":{"line":88,"column":91},"end":{"line":88,"column":null}}]},"5":{"loc":{"start":{"line":98,"column":66},"end":{"line":98,"column":null}},"type":"binary-expr","locations":[{"start":{"line":98,"column":66},"end":{"line":98,"column":89}},{"start":{"line":98,"column":89},"end":{"line":98,"column":null}}]},"6":{"loc":{"start":{"line":99,"column":64},"end":{"line":99,"column":null}},"type":"binary-expr","locations":[{"start":{"line":99,"column":64},"end":{"line":99,"column":88}},{"start":{"line":99,"column":88},"end":{"line":99,"column":null}}]},"7":{"loc":{"start":{"line":116,"column":23},"end":{"line":116,"column":null}},"type":"cond-expr","locations":[{"start":{"line":116,"column":38},"end":{"line":116,"column":70}},{"start":{"line":116,"column":73},"end":{"line":116,"column":null}}]},"8":{"loc":{"start":{"line":119,"column":110},"end":{"line":119,"column":170}},"type":"binary-expr","locations":[{"start":{"line":119,"column":110},"end":{"line":119,"column":137}},{"start":{"line":119,"column":141},"end":{"line":119,"column":170}}]}},"s":{"0":0,"1":0,"2":0,"3":0,"4":0,"5":0,"6":0,"7":0,"8":0,"9":0,"10":0,"11":0,"12":0,"13":0,"14":0,"15":0,"16":0,"17":0,"18":0,"19":0,"20":0},"f":{"0":0,"1":0,"2":0,"3":0},"b":{"0":[0],"1":[0],"2":[0],"3":[0,0],"4":[0,0],"5":[0,0],"6":[0,0],"7":[0,0],"8":[0,0]}}
,"C:\\Users\\kunda\\OneDrive\\Documents\\React projects\\Moto_Booking_MS-\\src\\app\\admin\\dashboard\\page.js": {"path":"C:\\Users\\kunda\\OneDrive\\Documents\\React projects\\Moto_Booking_MS-\\src\\app\\admin\\dashboard\\page.js","statementMap":{"0":{"start":{"line":7,"column":24},"end":{"line":7,"column":null}},"1":{"start":{"line":3,"column":36},"end":{"line":3,"column":null}},"2":{"start":{"line":4,"column":109},"end":{"line":4,"column":null}},"3":{"start":{"line":5,"column":26},"end":{"line":5,"column":null}},"4":{"start":{"line":8,"column":26},"end":{"line":8,"column":null}},"5":{"start":{"line":9,"column":36},"end":{"line":9,"column":null}},"6":{"start":{"line":10,"column":46},"end":{"line":10,"column":null}},"7":{"start":{"line":11,"column":17},"end":{"line":11,"column":null}},"8":{"start":{"line":13,"column":2},"end":{"line":28,"column":null}},"9":{"start":{"line":14,"column":22},"end":{"line":25,"column":null}},"10":{"start":{"line":15,"column":6},"end":{"line":24,"column":null}},"11":{"start":{"line":16,"column":20},"end":{"line":16,"column":null}},"12":{"start":{"line":17,"column":8},"end":{"line":17,"column":null}},"13":{"start":{"line":17,"column":21},"end":{"line":17,"column":null}},"14":{"start":{"line":18,"column":30},"end":{"line":18,"column":null}},"15":{"start":{"line":19,"column":8},"end":{"line":19,"column":null}},"16":{"start":{"line":21,"column":8},"end":{"line":21,"column":null}},"17":{"start":{"line":23,"column":8},"end":{"line":23,"column":null}},"18":{"start":{"line":27,"column":4},"end":{"line":27,"column":null}},"19":{"start":{"line":30,"column":2},"end":{"line":39,"column":null}},"20":{"start":{"line":31,"column":31},"end":{"line":35,"column":null}},"21":{"start":{"line":32,"column":6},"end":{"line":34,"column":null}},"22":{"start":{"line":33,"column":8},"end":{"line":33,"column":null}},"23":{"start":{"line":37,"column":4},"end":{"line":37,"column":null}},"24":{"start":{"line":38,"column":4},"end":{"line":38,"column":null}},"25":{"start":{"line":38,"column":17},"end":{"line":38,"column":null}},"26":{"start":{"line":41,"column":25},"end":{"line":63,"column":null}},"27":{"start":{"line":42,"column":4},"end":{"line":62,"column":null}},"28":{"start":{"line":43,"column":6},"end":{"line":43,"column":null}},"29":{"start":{"line":44,"column":23},"end":{"line":44,"column":null}},"30":{"start":{"line":46,"column":6},"end":{"line":48,"column":null}},"31":{"start":{"line":47,"column":8},"end":{"line":47,"column":null}},"32":{"start":{"line":50,"column":19},"end":{"line":50,"column":null}},"33":{"start":{"line":51,"column":18},"end":{"line":51,"column":null}},"34":{"start":{"line":52,"column":16},"end":{"line":52,"column":null}},"35":{"start":{"line":53,"column":6},"end":{"line":53,"column":null}},"36":{"start":{"line":54,"column":6},"end":{"line":54,"column":null}},"37":{"start":{"line":55,"column":6},"end":{"line":55,"column":null}},"38":{"start":{"line":56,"column":6},"end":{"line":56,"column":null}},"39":{"start":{"line":57,"column":6},"end":{"line":57,"column":null}},"40":{"start":{"line":58,"column":6},"end":{"line":58,"column":null}},"41":{"start":{"line":60,"column":6},"end":{"line":60,"column":null}},"42":{"start":{"line":61,"column":6},"end":{"line":61,"column":null}},"43":{"start":{"line":65,"column":2},"end":{"line":72,"column":null}},"44":{"start":{"line":74,"column":23},"end":{"line":79,"column":null}},"45":{"start":{"line":81,"column":25},"end":{"line":92,"column":null}},"46":{"start":{"line":82,"column":4},"end":{"line":91,"column":null}},"47":{"start":{"line":84,"column":8},"end":{"line":84,"column":null}},"48":{"start":{"line":86,"column":8},"end":{"line":86,"column":null}},"49":{"start":{"line":88,"column":8},"end":{"line":88,"column":null}},"50":{"start":{"line":90,"column":8},"end":{"line":90,"column":null}},"51":{"start":{"line":103,"column":27},"end":{"line":103,"column":null}},"52":{"start":{"line":115,"column":31},"end":{"line":115,"column":null}},"53":{"start":{"line":122,"column":31},"end":{"line":122,"column":null}},"54":{"start":{"line":129,"column":31},"end":{"line":129,"column":null}},"55":{"start":{"line":136,"column":31},"end":{"line":136,"column":null}},"56":{"start":{"line":146,"column":35},"end":{"line":146,"column":null}},"57":{"start":{"line":152,"column":35},"end":{"line":152,"column":null}},"58":{"start":{"line":158,"column":35},"end":{"line":158,"column":null}},"59":{"start":{"line":173,"column":10},"end":{"line":174,"column":34}},"60":{"start":{"line":188,"column":29},"end":{"line":188,"column":null}},"61":{"start":{"line":208,"column":20},"end":{"line":208,"column":41}},"62":{"start":{"line":254,"column":31},"end":{"line":254,"column":null}}},"fnMap":{"0":{"name":"AdminDashboard","decl":{"start":{"line":7,"column":24},"end":{"line":7,"column":null}},"loc":{"start":{"line":7,"column":24},"end":{"line":267,"column":null}}},"1":{"name":"(anonymous_2)","decl":{"start":{"line":13,"column":12},"end":{"line":13,"column":null}},"loc":{"start":{"line":13,"column":12},"end":{"line":28,"column":5}}},"2":{"name":"(anonymous_3)","decl":{"start":{"line":14,"column":22},"end":{"line":14,"column":null}},"loc":{"start":{"line":14,"column":22},"end":{"line":25,"column":null}}},"3":{"name":"(anonymous_4)","decl":{"start":{"line":30,"column":12},"end":{"line":30,"column":null}},"loc":{"start":{"line":30,"column":12},"end":{"line":39,"column":5}}},"4":{"name":"(anonymous_5)","decl":{"start":{"line":31,"column":31},"end":{"line":31,"column":32}},"loc":{"start":{"line":31,"column":32},"end":{"line":35,"column":null}}},"5":{"name":"(anonymous_6)","decl":{"start":{"line":38,"column":11},"end":{"line":38,"column":17}},"loc":{"start":{"line":38,"column":17},"end":{"line":38,"column":null}}},"6":{"name":"(anonymous_7)","decl":{"start":{"line":41,"column":25},"end":{"line":41,"column":32}},"loc":{"start":{"line":41,"column":38},"end":{"line":63,"column":null}}},"7":{"name":"(anonymous_8)","decl":{"start":{"line":81,"column":25},"end":{"line":81,"column":26}},"loc":{"start":{"line":81,"column":26},"end":{"line":92,"column":null}}},"8":{"name":"(anonymous_9)","decl":{"start":{"line":103,"column":21},"end":{"line":103,"column":27}},"loc":{"start":{"line":103,"column":27},"end":{"line":103,"column":null}}},"9":{"name":"(anonymous_10)","decl":{"start":{"line":115,"column":25},"end":{"line":115,"column":31}},"loc":{"start":{"line":115,"column":31},"end":{"line":115,"column":null}}},"10":{"name":"(anonymous_11)","decl":{"start":{"line":122,"column":25},"end":{"line":122,"column":31}},"loc":{"start":{"line":122,"column":31},"end":{"line":122,"column":null}}},"11":{"name":"(anonymous_12)","decl":{"start":{"line":129,"column":25},"end":{"line":129,"column":31}},"loc":{"start":{"line":129,"column":31},"end":{"line":129,"column":null}}},"12":{"name":"(anonymous_13)","decl":{"start":{"line":136,"column":25},"end":{"line":136,"column":31}},"loc":{"start":{"line":136,"column":31},"end":{"line":136,"column":null}}},"13":{"name":"(anonymous_14)","decl":{"start":{"line":146,"column":29},"end":{"line":146,"column":35}},"loc":{"start":{"line":146,"column":35},"end":{"line":146,"column":null}}},"14":{"name":"(anonymous_15)","decl":{"start":{"line":152,"column":29},"end":{"line":152,"column":35}},"loc":{"start":{"line":152,"column":35},"end":{"line":152,"column":null}}},"15":{"name":"(anonymous_16)","decl":{"start":{"line":158,"column":29},"end":{"line":158,"column":35}},"loc":{"start":{"line":158,"column":35},"end":{"line":158,"column":null}}},"16":{"name":"(anonymous_17)","decl":{"start":{"line":172,"column":26},"end":{"line":172,"column":27}},"loc":{"start":{"line":172,"column":27},"end":{"line":179,"column":null}}},"17":{"name":"(anonymous_18)","decl":{"start":{"line":188,"column":23},"end":{"line":188,"column":29}},"loc":{"start":{"line":188,"column":29},"end":{"line":188,"column":null}}},"18":{"name":"(anonymous_19)","decl":{"start":{"line":207,"column":42},"end":{"line":207,"column":43}},"loc":{"start":{"line":208,"column":20},"end":{"line":208,"column":41}}},"19":{"name":"(anonymous_20)","decl":{"start":{"line":254,"column":25},"end":{"line":254,"column":31}},"loc":{"start":{"line":254,"column":31},"end":{"line":254,"column":null}}}},"branchMap":{"0":{"loc":{"start":{"line":17,"column":8},"end":{"line":17,"column":null}},"type":"if","locations":[{"start":{"line":17,"column":8},"end":{"line":17,"column":null}}]},"1":{"loc":{"start":{"line":32,"column":6},"end":{"line":34,"column":null}},"type":"if","locations":[{"start":{"line":32,"column":6},"end":{"line":34,"column":null}}]},"2":{"loc":{"start":{"line":32,"column":10},"end":{"line":32,"column":77}},"type":"binary-expr","locations":[{"start":{"line":32,"column":10},"end":{"line":32,"column":28}},{"start":{"line":32,"column":28},"end":{"line":32,"column":77}}]},"3":{"loc":{"start":{"line":46,"column":6},"end":{"line":48,"column":null}},"type":"if","locations":[{"start":{"line":46,"column":6},"end":{"line":48,"column":null}}]},"4":{"loc":{"start":{"line":65,"column":2},"end":{"line":72,"column":null}},"type":"if","locations":[{"start":{"line":65,"column":2},"end":{"line":72,"column":null}}]},"5":{"loc":{"start":{"line":75,"column":36},"end":{"line":75,"column":67}},"type":"binary-expr","locations":[{"start":{"line":75,"column":36},"end":{"line":75,"column":64}},{"start":{"line":75,"column":64},"end":{"line":75,"column":67}}]},"6":{"loc":{"start":{"line":76,"column":39},"end":{"line":76,"column":73}},"type":"binary-expr","locations":[{"start":{"line":76,"column":39},"end":{"line":76,"column":70}},{"start":{"line":76,"column":70},"end":{"line":76,"column":73}}]},"7":{"loc":{"start":{"line":77,"column":38},"end":{"line":77,"column":71}},"type":"binary-expr","locations":[{"start":{"line":77,"column":38},"end":{"line":77,"column":68}},{"start":{"line":77,"column":68},"end":{"line":77,"column":71}}]},"8":{"loc":{"start":{"line":78,"column":39},"end":{"line":78,"column":73}},"type":"binary-expr","locations":[{"start":{"line":78,"column":39},"end":{"line":78,"column":70}},{"start":{"line":78,"column":70},"end":{"line":78,"column":73}}]},"9":{"loc":{"start":{"line":82,"column":4},"end":{"line":91,"column":null}},"type":"switch","locations":[{"start":{"line":83,"column":6},"end":{"line":84,"column":null}},{"start":{"line":85,"column":6},"end":{"line":86,"column":null}},{"start":{"line":87,"column":6},"end":{"line":88,"column":null}},{"start":{"line":89,"column":6},"end":{"line":90,"column":null}}]},"10":{"loc":{"start":{"line":109,"column":11},"end":{"line":109,"column":null}},"type":"binary-expr","locations":[{"start":{"line":109,"column":11},"end":{"line":109,"column":null}}]},"11":{"loc":{"start":{"line":207,"column":18},"end":{"line":208,"column":41}},"type":"cond-expr","locations":[{"start":{"line":207,"column":18},"end":{"line":208,"column":41}}]},"12":{"loc":{"start":{"line":210,"column":83},"end":{"line":210,"column":null}},"type":"binary-expr","locations":[{"start":{"line":210,"column":83},"end":{"line":210,"column":109}},{"start":{"line":210,"column":109},"end":{"line":210,"column":null}}]},"13":{"loc":{"start":{"line":211,"column":83},"end":{"line":211,"column":null}},"type":"binary-expr","locations":[{"start":{"line":211,"column":83},"end":{"line":211,"column":106}},{"start":{"line":211,"column":106},"end":{"line":211,"column":null}}]},"14":{"loc":{"start":{"line":218,"column":25},"end":{"line":218,"column":null}},"type":"cond-expr","locations":[{"start":{"line":218,"column":40},"end":{"line":218,"column":72}},{"start":{"line":218,"column":75},"end":{"line":218,"column":null}}]},"15":{"loc":{"start":{"line":241,"column":15},"end":{"line":241,"column":null}},"type":"binary-expr","locations":[{"start":{"line":241,"column":15},"end":{"line":241,"column":null}}]},"16":{"loc":{"start":{"line":245,"column":54},"end":{"line":245,"column":93}},"type":"cond-expr","locations":[{"start":{"line":245,"column":84},"end":{"line":245,"column":90}},{"start":{"line":245,"column":90},"end":{"line":245,"column":93}}]}},"s":{"0":0,"1":0,"2":0,"3":0,"4":0,"5":0,"6":0,"7":0,"8":0,"9":0,"10":0,"11":0,"12":0,"13":0,"14":0,"15":0,"16":0,"17":0,"18":0,"19":0,"20":0,"21":0,"22":0,"23":0,"24":0,"25":0,"26":0,"27":0,"28":0,"29":0,"30":0,"31":0,"32":0,"33":0,"34":0,"35":0,"36":0,"37":0,"38":0,"39":0,"40":0,"41":0,"42":0,"43":0,"44":0,"45":0,"46":0,"47":0,"48":0,"49":0,"50":0,"51":0,"52":0,"53":0,"54":0,"55":0,"56":0,"57":0,"58":0,"59":0,"60":0,"61":0,"62":0},"f":{"0":0,"1":0,"2":0,"3":0,"4":0,"5":0,"6":0,"7":0,"8":0,"9":0,"10":0,"11":0,"12":0,"13":0,"14":0,"15":0,"16":0,"17":0,"18":0,"19":0},"b":{"0":[0],"1":[0],"2":[0,0],"3":[0],"4":[0],"5":[0,0],"6":[0,0],"7":[0,0],"8":[0,0],"9":[0,0,0,0],"10":[0],"11":[0],"12":[0,0],"13":[0,0],"14":[0,0],"15":[0],"16":[0,0]}}
,"C:\\Users\\kunda\\OneDrive\\Documents\\React projects\\Moto_Booking_MS-\\src\\app\\admin\\riders\\page.js": {"path":"C:\\Users\\kunda\\OneDrive\\Documents\\React projects\\Moto_Booking_MS-\\src\\app\\admin\\riders\\page.js","statementMap":{"0":{"start":{"line":7,"column":24},"end":{"line":7,"column":null}},"1":{"start":{"line":3,"column":36},"end":{"line":3,"column":null}},"2":{"start":{"line":4,"column":53},"end":{"line":4,"column":null}},"3":{"start":{"line":5,"column":26},"end":{"line":5,"column":null}},"4":{"start":{"line":8,"column":30},"end":{"line":8,"column":null}},"5":{"start":{"line":9,"column":36},"end":{"line":9,"column":null}},"6":{"start":{"line":10,"column":48},"end":{"line":10,"column":null}},"7":{"start":{"line":11,"column":17},"end":{"line":11,"column":null}},"8":{"start":{"line":13,"column":2},"end":{"line":29,"column":null}},"9":{"start":{"line":14,"column":24},"end":{"line":26,"column":null}},"10":{"start":{"line":15,"column":6},"end":{"line":25,"column":null}},"11":{"start":{"line":16,"column":20},"end":{"line":16,"column":null}},"12":{"start":{"line":17,"column":8},"end":{"line":17,"column":null}},"13":{"start":{"line":17,"column":21},"end":{"line":17,"column":null}},"14":{"start":{"line":19,"column":21},"end":{"line":19,"column":null}},"15":{"start":{"line":20,"column":8},"end":{"line":20,"column":null}},"16":{"start":{"line":22,"column":8},"end":{"line":22,"column":null}},"17":{"start":{"line":24,"column":8},"end":{"line":24,"column":null}},"18":{"start":{"line":28,"column":4},"end":{"line":28,"column":null}},"19":{"start":{"line":31,"column":23},"end":{"line":53,"column":null}},"20":{"start":{"line":32,"column":4},"end":{"line":32,"column":null}},"21":{"start":{"line":33,"column":4},"end":{"line":52,"column":null}},"22":{"start":{"line":34,"column":18},"end":{"line":38,"column":null}},"23":{"start":{"line":40,"column":6},"end":{"line":40,"column":null}},"24":{"start":{"line":40,"column":19},"end":{"line":40,"column":null}},"25":{"start":{"line":43,"column":6},"end":{"line":46,"column":null}},"26":{"start":{"line":44,"column":8},"end":{"line":46,"column":null}},"27":{"start":{"line":49,"column":6},"end":{"line":49,"column":null}},"28":{"start":{"line":51,"column":6},"end":{"line":51,"column":null}},"29":{"start":{"line":55,"column":23},"end":{"line":73,"column":null}},"30":{"start":{"line":56,"column":4},"end":{"line":56,"column":null}},"31":{"start":{"line":56,"column":65},"end":{"line":56,"column":null}},"32":{"start":{"line":58,"column":4},"end":{"line":58,"column":null}},"33":{"start":{"line":59,"column":4},"end":{"line":72,"column":null}},"34":{"start":{"line":60,"column":18},"end":{"line":62,"column":null}},"35":{"start":{"line":64,"column":6},"end":{"line":64,"column":null}},"36":{"start":{"line":64,"column":19},"end":{"line":64,"column":null}},"37":{"start":{"line":67,"column":6},"end":{"line":67,"column":null}},"38":{"start":{"line":67,"column":35},"end":{"line":67,"column":null}},"39":{"start":{"line":69,"column":6},"end":{"line":69,"column":null}},"40":{"start":{"line":71,"column":6},"end":{"line":71,"column":null}},"41":{"start":{"line":75,"column":2},"end":{"line":82,"column":null}},"42":{"start":{"line":113,"column":18},"end":{"line":113,"column":37}},"43":{"start":{"line":141,"column":43},"end":{"line":141,"column":null}},"44":{"start":{"line":150,"column":43},"end":{"line":150,"column":null}},"45":{"start":{"line":158,"column":41},"end":{"line":158,"column":null}}},"fnMap":{"0":{"name":"RidersPage","decl":{"start":{"line":7,"column":24},"end":{"line":7,"column":null}},"loc":{"start":{"line":7,"column":24},"end":{"line":184,"column":null}}},"1":{"name":"(anonymous_2)","decl":{"start":{"line":13,"column":12},"end":{"line":13,"column":null}},"loc":{"start":{"line":13,"column":12},"end":{"line":29,"column":5}}},"2":{"name":"(anonymous_3)","decl":{"start":{"line":14,"column":24},"end":{"line":14,"column":null}},"loc":{"start":{"line":14,"column":24},"end":{"line":26,"column":null}}},"3":{"name":"(anonymous_4)","decl":{"start":{"line":31,"column":23},"end":{"line":31,"column":30}},"loc":{"start":{"line":31,"column":39},"end":{"line":53,"column":null}}},"4":{"name":"(anonymous_5)","decl":{"start":{"line":43,"column":27},"end":{"line":43,"column":null}},"loc":{"start":{"line":44,"column":8},"end":{"line":46,"column":null}}},"5":{"name":"(anonymous_6)","decl":{"start":{"line":55,"column":23},"end":{"line":55,"column":30}},"loc":{"start":{"line":55,"column":30},"end":{"line":73,"column":null}}},"6":{"name":"(anonymous_7)","decl":{"start":{"line":67,"column":30},"end":{"line":67,"column":35}},"loc":{"start":{"line":67,"column":35},"end":{"line":67,"column":null}}},"7":{"name":"(anonymous_8)","decl":{"start":{"line":112,"column":27},"end":{"line":112,"column":28}},"loc":{"start":{"line":113,"column":18},"end":{"line":113,"column":37}}},"8":{"name":"(anonymous_9)","decl":{"start":{"line":141,"column":37},"end":{"line":141,"column":43}},"loc":{"start":{"line":141,"column":43},"end":{"line":141,"column":null}}},"9":{"name":"(anonymous_10)","decl":{"start":{"line":150,"column":37},"end":{"line":150,"column":43}},"loc":{"start":{"line":150,"column":43},"end":{"line":150,"column":null}}},"10":{"name":"(anonymous_11)","decl":{"start":{"line":158,"column":35},"end":{"line":158,"column":41}},"loc":{"start":{"line":158,"column":41},"end":{"line":158,"column":null}}}},"branchMap":{"0":{"loc":{"start":{"line":17,"column":8},"end":{"line":17,"column":null}},"type":"if","locations":[{"start":{"line":17,"column":8},"end":{"line":17,"column":null}}]},"1":{"loc":{"start":{"line":40,"column":6},"end":{"line":40,"column":null}},"type":"if","locations":[{"start":{"line":40,"column":6},"end":{"line":40,"column":null}}]},"2":{"loc":{"start":{"line":44,"column":8},"end":{"line":46,"column":null}},"type":"cond-expr","locations":[{"start":{"line":45,"column":12},"end":{"line":45,"column":null}},{"start":{"line":46,"column":12},"end":{"line":46,"column":null}}]},"3":{"loc":{"start":{"line":56,"column":4},"end":{"line":56,"column":null}},"type":"if","locations":[{"start":{"line":56,"column":4},"end":{"line":56,"column":null}}]},"4":{"loc":{"start":{"line":64,"column":6},"end":{"line":64,"column":null}},"type":"if","locations":[{"start":{"line":64,"column":6},"end":{"line":64,"column":null}}]},"5":{"loc":{"start":{"line":75,"column":2},"end":{"line":82,"column":null}},"type":"if","locations":[{"start":{"line":75,"column":2},"end":{"line":82,"column":null}}]},"6":{"loc":{"start":{"line":112,"column":16},"end":{"line":113,"column":37}},"type":"cond-expr","locations":[{"start":{"line":112,"column":16},"end":{"line":113,"column":37}}]},"7":{"loc":{"start":{"line":117,"column":27},"end":{"line":117,"column":null}},"type":"binary-expr","locations":[{"start":{"line":117,"column":27},"end":{"line":117,"column":52}},{"start":{"line":117,"column":52},"end":{"line":117,"column":null}}]},"8":{"loc":{"start":{"line":120,"column":66},"end":{"line":120,"column":null}},"type":"binary-expr","locations":[{"start":{"line":120,"column":66},"end":{"line":120,"column":76}},{"start":{"line":120,"column":80},"end":{"line":120,"column":null}}]},"9":{"loc":{"start":{"line":125,"column":73},"end":{"line":125,"column":null}},"type":"binary-expr","locations":[{"start":{"line":125,"column":73},"end":{"line":125,"column":84}},{"start":{"line":125,"column":88},"end":{"line":125,"column":null}}]},"10":{"loc":{"start":{"line":126,"column":73},"end":{"line":126,"column":null}},"type":"binary-expr","locations":[{"start":{"line":126,"column":73},"end":{"line":126,"column":110}},{"start":{"line":126,"column":110},"end":{"line":126,"column":null}}]},"11":{"loc":{"start":{"line":127,"column":73},"end":{"line":127,"column":null}},"type":"binary-expr","locations":[{"start":{"line":127,"column":73},"end":{"line":127,"column":108}},{"start":{"line":127,"column":108},"end":{"line":127,"column":null}}]},"12":{"loc":{"start":{"line":130,"column":24},"end":{"line":132,"column":null}},"type":"cond-expr","locations":[{"start":{"line":131,"column":28},"end":{"line":131,"column":null}},{"start":{"line":132,"column":28},"end":{"line":132,"column":null}}]},"13":{"loc":{"start":{"line":134,"column":25},"end":{"line":134,"column":null}},"type":"cond-expr","locations":[{"start":{"line":134,"column":58},"end":{"line":134,"column":71}},{"start":{"line":134,"column":71},"end":{"line":134,"column":null}}]},"14":{"loc":{"start":{"line":140,"column":26},"end":{"line":149,"column":27}},"type":"cond-expr","locations":[{"start":{"line":140,"column":26},"end":{"line":149,"column":27}}]},"15":{"loc":{"start":{"line":145,"column":60},"end":{"line":145,"column":108}},"type":"cond-expr","locations":[{"start":{"line":145,"column":60},"end":{"line":145,"column":108}}]}},"s":{"0":0,"1":0,"2":0,"3":0,"4":0,"5":0,"6":0,"7":0,"8":0,"9":0,"10":0,"11":0,"12":0,"13":0,"14":0,"15":0,"16":0,"17":0,"18":0,"19":0,"20":0,"21":0,"22":0,"23":0,"24":0,"25":0,"26":0,"27":0,"28":0,"29":0,"30":0,"31":0,"32":0,"33":0,"34":0,"35":0,"36":0,"37":0,"38":0,"39":0,"40":0,"41":0,"42":0,"43":0,"44":0,"45":0},"f":{"0":0,"1":0,"2":0,"3":0,"4":0,"5":0,"6":0,"7":0,"8":0,"9":0,"10":0},"b":{"0":[0],"1":[0],"2":[0,0],"3":[0],"4":[0],"5":[0],"6":[0],"7":[0,0],"8":[0,0],"9":[0,0],"10":[0,0],"11":[0,0],"12":[0,0],"13":[0,0],"14":[0],"15":[0]}}
,"C:\\Users\\kunda\\OneDrive\\Documents\\React projects\\Moto_Booking_MS-\\src\\app\\api\\admin\\bookings\\route.js": {"path":"C:\\Users\\kunda\\OneDrive\\Documents\\React projects\\Moto_Booking_MS-\\src\\app\\api\\admin\\bookings\\route.js","statementMap":{"0":{"start":{"line":4,"column":22},"end":{"line":4,"column":null}},"1":{"start":{"line":1,"column":29},"end":{"line":1,"column":null}},"2":{"start":{"line":2,"column":19},"end":{"line":2,"column":null}},"3":{"start":{"line":5,"column":2},"end":{"line":21,"column":null}},"4":{"start":{"line":6,"column":21},"end":{"line":12,"column":null}},"5":{"start":{"line":14,"column":4},"end":{"line":14,"column":null}},"6":{"start":{"line":16,"column":4},"end":{"line":16,"column":null}},"7":{"start":{"line":17,"column":4},"end":{"line":19,"column":null}}},"fnMap":{"0":{"name":"GET","decl":{"start":{"line":4,"column":22},"end":{"line":4,"column":null}},"loc":{"start":{"line":4,"column":22},"end":{"line":22,"column":null}}}},"branchMap":{},"s":{"0":0,"1":0,"2":0,"3":0,"4":0,"5":0,"6":0,"7":0},"f":{"0":0},"b":{}}
,"C:\\Users\\kunda\\OneDrive\\Documents\\React projects\\Moto_Booking_MS-\\src\\app\\api\\admin\\dashboard\\route.js": {"path":"C:\\Users\\kunda\\OneDrive\\Documents\\React projects\\Moto_Booking_MS-\\src\\app\\api\\admin\\dashboard\\route.js","statementMap":{"0":{"start":{"line":4,"column":22},"end":{"line":4,"column":null}},"1":{"start":{"line":1,"column":29},"end":{"line":1,"column":null}},"2":{"start":{"line":2,"column":19},"end":{"line":2,"column":null}},"3":{"start":{"line":5,"column":2},"end":{"line":61,"column":null}},"4":{"start":{"line":7,"column":24},"end":{"line":9,"column":null}},"5":{"start":{"line":12,"column":27},"end":{"line":14,"column":null}},"6":{"start":{"line":17,"column":18},"end":{"line":17,"column":null}},"7":{"start":{"line":18,"column":4},"end":{"line":18,"column":null}},"8":{"start":{"line":19,"column":26},"end":{"line":23,"column":null}},"9":{"start":{"line":26,"column":27},"end":{"line":28,"column":null}},"10":{"start":{"line":31,"column":27},"end":{"line":38,"column":null}},"11":{"start":{"line":41,"column":29},"end":{"line":43,"column":null}},"12":{"start":{"line":45,"column":4},"end":{"line":54,"column":null}},"13":{"start":{"line":56,"column":4},"end":{"line":56,"column":null}},"14":{"start":{"line":57,"column":4},"end":{"line":59,"column":null}}},"fnMap":{"0":{"name":"GET","decl":{"start":{"line":4,"column":22},"end":{"line":4,"column":null}},"loc":{"start":{"line":4,"column":22},"end":{"line":62,"column":null}}}},"branchMap":{},"s":{"0":0,"1":0,"2":0,"3":0,"4":0,"5":0,"6":0,"7":0,"8":0,"9":0,"10":0,"11":0,"12":0,"13":0,"14":0},"f":{"0":0},"b":{}}
,"C:\\Users\\kunda\\OneDrive\\Documents\\React projects\\Moto_Booking_MS-\\src\\app\\api\\admin\\reports\\route.js": {"path":"C:\\Users\\kunda\\OneDrive\\Documents\\React projects\\Moto_Booking_MS-\\src\\app\\api\\admin\\reports\\route.js","statementMap":{"0":{"start":{"line":4,"column":22},"end":{"line":4,"column":26}},"1":{"start":{"line":1,"column":29},"end":{"line":1,"column":null}},"2":{"start":{"line":2,"column":19},"end":{"line":2,"column":null}},"3":{"start":{"line":5,"column":2},"end":{"line":54,"column":null}},"4":{"start":{"line":6,"column":29},"end":{"line":6,"column":null}},"5":{"start":{"line":7,"column":23},"end":{"line":7,"column":null}},"6":{"start":{"line":8,"column":22},"end":{"line":8,"column":null}},"7":{"start":{"line":11,"column":23},"end":{"line":11,"column":null}},"8":{"start":{"line":16,"column":4},"end":{"line":35,"column":null}},"9":{"start":{"line":18,"column":8},"end":{"line":18,"column":null}},"10":{"start":{"line":19,"column":8},"end":{"line":19,"column":null}},"11":{"start":{"line":20,"column":8},"end":{"line":20,"column":null}},"12":{"start":{"line":22,"column":8},"end":{"line":22,"column":null}},"13":{"start":{"line":23,"column":8},"end":{"line":23,"column":null}},"14":{"start":{"line":24,"column":8},"end":{"line":24,"column":null}},"15":{"start":{"line":26,"column":8},"end":{"line":26,"column":null}},"16":{"start":{"line":27,"column":8},"end":{"line":27,"column":null}},"17":{"start":{"line":28,"column":8},"end":{"line":28,"column":null}},"18":{"start":{"line":30,"column":8},"end":{"line":30,"column":null}},"19":{"start":{"line":31,"column":8},"end":{"line":31,"column":null}},"20":{"start":{"line":32,"column":8},"end":{"line":32,"column":null}},"21":{"start":{"line":34,"column":8},"end":{"line":34,"column":null}},"22":{"start":{"line":38,"column":16},"end":{"line":38,"column":null}},"23":{"start":{"line":41,"column":4},"end":{"line":47,"column":null}},"24":{"start":{"line":49,"column":4},"end":{"line":49,"column":null}},"25":{"start":{"line":50,"column":4},"end":{"line":52,"column":null}},"26":{"start":{"line":58,"column":14},"end":{"line":58,"column":null}},"27":{"start":{"line":61,"column":2},"end":{"line":74,"column":null}},"28":{"start":{"line":63,"column":6},"end":{"line":63,"column":null}},"29":{"start":{"line":64,"column":6},"end":{"line":64,"column":null}},"30":{"start":{"line":66,"column":6},"end":{"line":66,"column":null}},"31":{"start":{"line":67,"column":6},"end":{"line":67,"column":null}},"32":{"start":{"line":69,"column":6},"end":{"line":69,"column":null}},"33":{"start":{"line":70,"column":6},"end":{"line":70,"column":null}},"34":{"start":{"line":73,"column":6},"end":{"line":73,"column":null}},"35":{"start":{"line":76,"column":2},"end":{"line":76,"column":null}},"36":{"start":{"line":80,"column":19},"end":{"line":87,"column":null}},"37":{"start":{"line":89,"column":2},"end":{"line":103,"column":null}},"38":{"start":{"line":89,"column":36},"end":{"line":103,"column":null}},"39":{"start":{"line":107,"column":17},"end":{"line":116,"column":null}},"40":{"start":{"line":118,"column":2},"end":{"line":137,"column":null}},"41":{"start":{"line":119,"column":26},"end":{"line":121,"column":null}},"42":{"start":{"line":120,"column":24},"end":{"line":120,"column":null}},"43":{"start":{"line":124,"column":4},"end":{"line":136,"column":null}},"44":{"start":{"line":141,"column":20},"end":{"line":147,"column":null}},"45":{"start":{"line":149,"column":2},"end":{"line":165,"column":null}},"46":{"start":{"line":150,"column":23},"end":{"line":152,"column":null}},"47":{"start":{"line":151,"column":24},"end":{"line":151,"column":null}},"48":{"start":{"line":155,"column":4},"end":{"line":164,"column":null}},"49":{"start":{"line":161,"column":63},"end":{"line":161,"column":89}},"50":{"start":{"line":169,"column":19},"end":{"line":179,"column":null}},"51":{"start":{"line":181,"column":23},"end":{"line":181,"column":null}},"52":{"start":{"line":181,"column":57},"end":{"line":181,"column":84}},"53":{"start":{"line":183,"column":17},"end":{"line":192,"column":null}},"54":{"start":{"line":183,"column":44},"end":{"line":192,"column":null}},"55":{"start":{"line":195,"column":2},"end":{"line":204,"column":null}},"56":{"start":{"line":206,"column":2},"end":{"line":206,"column":null}},"57":{"start":{"line":210,"column":2},"end":{"line":212,"column":null}},"58":{"start":{"line":211,"column":4},"end":{"line":211,"column":null}},"59":{"start":{"line":214,"column":18},"end":{"line":214,"column":null}},"60":{"start":{"line":215,"column":18},"end":{"line":215,"column":20}},"61":{"start":{"line":218,"column":2},"end":{"line":218,"column":null}},"62":{"start":{"line":221,"column":2},"end":{"line":229,"column":null}},"63":{"start":{"line":222,"column":19},"end":{"line":227,"column":null}},"64":{"start":{"line":223,"column":20},"end":{"line":223,"column":31}},"65":{"start":{"line":225,"column":22},"end":{"line":225,"column":null}},"66":{"start":{"line":226,"column":6},"end":{"line":226,"column":null}},"67":{"start":{"line":228,"column":4},"end":{"line":228,"column":null}},"68":{"start":{"line":231,"column":2},"end":{"line":231,"column":null}}},"fnMap":{"0":{"name":"GET","decl":{"start":{"line":4,"column":22},"end":{"line":4,"column":26}},"loc":{"start":{"line":4,"column":33},"end":{"line":55,"column":null}}},"1":{"name":"getDateFilter","decl":{"start":{"line":57,"column":9},"end":{"line":57,"column":23}},"loc":{"start":{"line":57,"column":28},"end":{"line":77,"column":null}}},"2":{"name":"generateBookingsReport","decl":{"start":{"line":79,"column":15},"end":{"line":79,"column":38}},"loc":{"start":{"line":79,"column":48},"end":{"line":104,"column":null}}},"3":{"name":"(anonymous_5)","decl":{"start":{"line":89,"column":22},"end":{"line":89,"column":23}},"loc":{"start":{"line":89,"column":36},"end":{"line":103,"column":null}}},"4":{"name":"generateRidersReport","decl":{"start":{"line":106,"column":15},"end":{"line":106,"column":null}},"loc":{"start":{"line":106,"column":15},"end":{"line":138,"column":null}}},"5":{"name":"(anonymous_7)","decl":{"start":{"line":118,"column":20},"end":{"line":118,"column":21}},"loc":{"start":{"line":118,"column":21},"end":{"line":137,"column":null}}},"6":{"name":"(anonymous_8)","decl":{"start":{"line":120,"column":6},"end":{"line":120,"column":7}},"loc":{"start":{"line":120,"column":24},"end":{"line":120,"column":null}}},"7":{"name":"generateCustomersReport","decl":{"start":{"line":140,"column":15},"end":{"line":140,"column":null}},"loc":{"start":{"line":140,"column":15},"end":{"line":166,"column":null}}},"8":{"name":"(anonymous_10)","decl":{"start":{"line":149,"column":23},"end":{"line":149,"column":24}},"loc":{"start":{"line":149,"column":24},"end":{"line":165,"column":null}}},"9":{"name":"(anonymous_11)","decl":{"start":{"line":151,"column":6},"end":{"line":151,"column":7}},"loc":{"start":{"line":151,"column":24},"end":{"line":151,"column":null}}},"10":{"name":"(anonymous_12)","decl":{"start":{"line":161,"column":58},"end":{"line":161,"column":63}},"loc":{"start":{"line":161,"column":63},"end":{"line":161,"column":89}}},"11":{"name":"generateRevenueReport","decl":{"start":{"line":168,"column":15},"end":{"line":168,"column":37}},"loc":{"start":{"line":168,"column":47},"end":{"line":207,"column":null}}},"12":{"name":"(anonymous_14)","decl":{"start":{"line":181,"column":39},"end":{"line":181,"column":40}},"loc":{"start":{"line":181,"column":57},"end":{"line":181,"column":84}}},"13":{"name":"(anonymous_15)","decl":{"start":{"line":183,"column":30},"end":{"line":183,"column":31}},"loc":{"start":{"line":183,"column":44},"end":{"line":192,"column":null}}},"14":{"name":"convertToCSV","decl":{"start":{"line":209,"column":9},"end":{"line":209,"column":22}},"loc":{"start":{"line":209,"column":26},"end":{"line":232,"column":null}}},"15":{"name":"(anonymous_17)","decl":{"start":{"line":222,"column":31},"end":{"line":222,"column":32}},"loc":{"start":{"line":222,"column":32},"end":{"line":227,"column":null}}}},"branchMap":{"0":{"loc":{"start":{"line":7,"column":23},"end":{"line":7,"column":null}},"type":"binary-expr","locations":[{"start":{"line":7,"column":23},"end":{"line":7,"column":51}},{"start":{"line":7,"column":51},"end":{"line":7,"column":null}}]},"1":{"loc":{"start":{"line":8,"column":22},"end":{"line":8,"column":null}},"type":"binary-expr","locations":[{"start":{"line":8,"column":22},"end":{"line":8,"column":51}},{"start":{"line":8,"column":51},"end":{"line":8,"column":null}}]},"2":{"loc":{"start":{"line":16,"column":4},"end":{"line":35,"column":null}},"type":"switch","locations":[{"start":{"line":17,"column":6},"end":{"line":20,"column":null}},{"start":{"line":21,"column":6},"end":{"line":24,"column":null}},{"start":{"line":25,"column":6},"end":{"line":28,"column":null}},{"start":{"line":29,"column":6},"end":{"line":32,"column":null}},{"start":{"line":33,"column":6},"end":{"line":34,"column":null}}]},"3":{"loc":{"start":{"line":61,"column":2},"end":{"line":74,"column":null}},"type":"switch","locations":[{"start":{"line":62,"column":4},"end":{"line":64,"column":null}},{"start":{"line":65,"column":4},"end":{"line":67,"column":null}},{"start":{"line":68,"column":4},"end":{"line":70,"column":null}},{"start":{"line":71,"column":4},"end":{"line":71,"column":null}},{"start":{"line":72,"column":4},"end":{"line":73,"column":null}}]},"4":{"loc":{"start":{"line":91,"column":21},"end":{"line":91,"column":null}},"type":"binary-expr","locations":[{"start":{"line":91,"column":21},"end":{"line":91,"column":47}},{"start":{"line":91,"column":47},"end":{"line":91,"column":null}}]},"5":{"loc":{"start":{"line":92,"column":22},"end":{"line":92,"column":null}},"type":"binary-expr","locations":[{"start":{"line":92,"column":22},"end":{"line":92,"column":49}},{"start":{"line":92,"column":49},"end":{"line":92,"column":null}}]},"6":{"loc":{"start":{"line":93,"column":22},"end":{"line":93,"column":null}},"type":"binary-expr","locations":[{"start":{"line":93,"column":22},"end":{"line":93,"column":49}},{"start":{"line":93,"column":49},"end":{"line":93,"column":null}}]},"7":{"loc":{"start":{"line":94,"column":18},"end":{"line":94,"column":null}},"type":"binary-expr","locations":[{"start":{"line":94,"column":18},"end":{"line":94,"column":41}},{"start":{"line":94,"column":41},"end":{"line":94,"column":null}}]},"8":{"loc":{"start":{"line":95,"column":19},"end":{"line":95,"column":null}},"type":"binary-expr","locations":[{"start":{"line":95,"column":19},"end":{"line":95,"column":43}},{"start":{"line":95,"column":43},"end":{"line":95,"column":null}}]},"9":{"loc":{"start":{"line":96,"column":19},"end":{"line":96,"column":null}},"type":"binary-expr","locations":[{"start":{"line":96,"column":19},"end":{"line":96,"column":43}},{"start":{"line":96,"column":43},"end":{"line":96,"column":null}}]},"10":{"loc":{"start":{"line":99,"column":18},"end":{"line":99,"column":null}},"type":"binary-expr","locations":[{"start":{"line":99,"column":18},"end":{"line":99,"column":30}},{"start":{"line":99,"column":34},"end":{"line":99,"column":null}}]},"11":{"loc":{"start":{"line":120,"column":31},"end":{"line":120,"column":null}},"type":"binary-expr","locations":[{"start":{"line":120,"column":31},"end":{"line":120,"column":43}},{"start":{"line":120,"column":47},"end":{"line":120,"column":null}}]},"12":{"loc":{"start":{"line":126,"column":14},"end":{"line":126,"column":null}},"type":"binary-expr","locations":[{"start":{"line":126,"column":14},"end":{"line":126,"column":24}},{"start":{"line":126,"column":28},"end":{"line":126,"column":null}}]},"13":{"loc":{"start":{"line":128,"column":15},"end":{"line":128,"column":null}},"type":"binary-expr","locations":[{"start":{"line":128,"column":15},"end":{"line":128,"column":26}},{"start":{"line":128,"column":30},"end":{"line":128,"column":null}}]},"14":{"loc":{"start":{"line":129,"column":24},"end":{"line":129,"column":null}},"type":"binary-expr","locations":[{"start":{"line":129,"column":24},"end":{"line":129,"column":61}},{"start":{"line":129,"column":61},"end":{"line":129,"column":null}}]},"15":{"loc":{"start":{"line":130,"column":22},"end":{"line":130,"column":null}},"type":"binary-expr","locations":[{"start":{"line":130,"column":22},"end":{"line":130,"column":57}},{"start":{"line":130,"column":57},"end":{"line":130,"column":null}}]},"16":{"loc":{"start":{"line":131,"column":18},"end":{"line":131,"column":null}},"type":"cond-expr","locations":[{"start":{"line":131,"column":51},"end":{"line":131,"column":59}},{"start":{"line":131,"column":59},"end":{"line":131,"column":null}}]},"17":{"loc":{"start":{"line":132,"column":16},"end":{"line":132,"column":null}},"type":"binary-expr","locations":[{"start":{"line":132,"column":16},"end":{"line":132,"column":58}},{"start":{"line":132,"column":58},"end":{"line":132,"column":null}}]},"18":{"loc":{"start":{"line":133,"column":21},"end":{"line":133,"column":null}},"type":"binary-expr","locations":[{"start":{"line":133,"column":21},"end":{"line":133,"column":55}},{"start":{"line":133,"column":55},"end":{"line":133,"column":null}}]},"19":{"loc":{"start":{"line":151,"column":31},"end":{"line":151,"column":null}},"type":"binary-expr","locations":[{"start":{"line":151,"column":31},"end":{"line":151,"column":43}},{"start":{"line":151,"column":47},"end":{"line":151,"column":null}}]},"20":{"loc":{"start":{"line":157,"column":14},"end":{"line":157,"column":null}},"type":"binary-expr","locations":[{"start":{"line":157,"column":14},"end":{"line":157,"column":27}},{"start":{"line":157,"column":31},"end":{"line":157,"column":null}}]},"21":{"loc":{"start":{"line":159,"column":15},"end":{"line":159,"column":null}},"type":"binary-expr","locations":[{"start":{"line":159,"column":15},"end":{"line":159,"column":29}},{"start":{"line":159,"column":33},"end":{"line":159,"column":null}}]},"22":{"loc":{"start":{"line":181,"column":64},"end":{"line":181,"column":84}},"type":"binary-expr","locations":[{"start":{"line":181,"column":64},"end":{"line":181,"column":76}},{"start":{"line":181,"column":80},"end":{"line":181,"column":84}}]},"23":{"loc":{"start":{"line":187,"column":16},"end":{"line":187,"column":null}},"type":"binary-expr","locations":[{"start":{"line":187,"column":16},"end":{"line":187,"column":42}},{"start":{"line":187,"column":42},"end":{"line":187,"column":null}}]},"24":{"loc":{"start":{"line":188,"column":13},"end":{"line":188,"column":null}},"type":"binary-expr","locations":[{"start":{"line":188,"column":13},"end":{"line":188,"column":36}},{"start":{"line":188,"column":36},"end":{"line":188,"column":null}}]},"25":{"loc":{"start":{"line":191,"column":18},"end":{"line":191,"column":null}},"type":"binary-expr","locations":[{"start":{"line":191,"column":18},"end":{"line":191,"column":46}},{"start":{"line":191,"column":46},"end":{"line":191,"column":null}}]},"26":{"loc":{"start":{"line":210,"column":2},"end":{"line":212,"column":null}},"type":"if","locations":[{"start":{"line":210,"column":2},"end":{"line":212,"column":null}}]},"27":{"loc":{"start":{"line":210,"column":6},"end":{"line":210,"column":34}},"type":"binary-expr","locations":[{"start":{"line":210,"column":6},"end":{"line":210,"column":15}},{"start":{"line":210,"column":15},"end":{"line":210,"column":34}}]}},"s":{"0":0,"1":0,"2":0,"3":0,"4":0,"5":0,"6":0,"7":0,"8":0,"9":0,"10":0,"11":0,"12":0,"13":0,"14":0,"15":0,"16":0,"17":0,"18":0,"19":0,"20":0,"21":0,"22":0,"23":0,"24":0,"25":0,"26":0,"27":0,"28":0,"29":0,"30":0,"31":0,"32":0,"33":0,"34":0,"35":0,"36":0,"37":0,"38":0,"39":0,"40":0,"41":0,"42":0,"43":0,"44":0,"45":0,"46":0,"47":0,"48":0,"49":0,"50":0,"51":0,"52":0,"53":0,"54":0,"55":0,"56":0,"57":0,"58":0,"59":0,"60":0,"61":0,"62":0,"63":0,"64":0,"65":0,"66":0,"67":0,"68":0},"f":{"0":0,"1":0,"2":0,"3":0,"4":0,"5":0,"6":0,"7":0,"8":0,"9":0,"10":0,"11":0,"12":0,"13":0,"14":0,"15":0},"b":{"0":[0,0],"1":[0,0],"2":[0,0,0,0,0],"3":[0,0,0,0,0],"4":[0,0],"5":[0,0],"6":[0,0],"7":[0,0],"8":[0,0],"9":[0,0],"10":[0,0],"11":[0,0],"12":[0,0],"13":[0,0],"14":[0,0],"15":[0,0],"16":[0,0],"17":[0,0],"18":[0,0],"19":[0,0],"20":[0,0],"21":[0,0],"22":[0,0],"23":[0,0],"24":[0,0],"25":[0,0],"26":[0],"27":[0,0]}}
,"C:\\Users\\kunda\\OneDrive\\Documents\\React projects\\Moto_Booking_MS-\\src\\app\\api\\admin\\riders\\route.js": {"path":"C:\\Users\\kunda\\OneDrive\\Documents\\React projects\\Moto_Booking_MS-\\src\\app\\api\\admin\\riders\\route.js","statementMap":{"0":{"start":{"line":52,"column":22},"end":{"line":52,"column":29}},"1":{"start":{"line":4,"column":22},"end":{"line":4,"column":null}},"2":{"start":{"line":22,"column":22},"end":{"line":22,"column":26}},"3":{"start":{"line":1,"column":29},"end":{"line":1,"column":null}},"4":{"start":{"line":2,"column":19},"end":{"line":2,"column":null}},"5":{"start":{"line":5,"column":2},"end":{"line":19,"column":null}},"6":{"start":{"line":6,"column":19},"end":{"line":10,"column":null}},"7":{"start":{"line":12,"column":4},"end":{"line":12,"column":null}},"8":{"start":{"line":14,"column":4},"end":{"line":14,"column":null}},"9":{"start":{"line":15,"column":4},"end":{"line":17,"column":null}},"10":{"start":{"line":23,"column":2},"end":{"line":49,"column":null}},"11":{"start":{"line":24,"column":36},"end":{"line":24,"column":null}},"12":{"start":{"line":26,"column":4},"end":{"line":28,"column":null}},"13":{"start":{"line":27,"column":6},"end":{"line":27,"column":null}},"14":{"start":{"line":30,"column":25},"end":{"line":37,"column":null}},"15":{"start":{"line":39,"column":4},"end":{"line":42,"column":null}},"16":{"start":{"line":44,"column":4},"end":{"line":44,"column":null}},"17":{"start":{"line":45,"column":4},"end":{"line":47,"column":null}},"18":{"start":{"line":53,"column":2},"end":{"line":72,"column":null}},"19":{"start":{"line":54,"column":29},"end":{"line":54,"column":null}},"20":{"start":{"line":55,"column":20},"end":{"line":55,"column":null}},"21":{"start":{"line":57,"column":4},"end":{"line":59,"column":null}},"22":{"start":{"line":58,"column":6},"end":{"line":58,"column":null}},"23":{"start":{"line":61,"column":4},"end":{"line":63,"column":null}},"24":{"start":{"line":65,"column":4},"end":{"line":65,"column":null}},"25":{"start":{"line":67,"column":4},"end":{"line":67,"column":null}},"26":{"start":{"line":68,"column":4},"end":{"line":70,"column":null}}},"fnMap":{"0":{"name":"GET","decl":{"start":{"line":4,"column":22},"end":{"line":4,"column":null}},"loc":{"start":{"line":4,"column":22},"end":{"line":20,"column":null}}},"1":{"name":"PUT","decl":{"start":{"line":22,"column":22},"end":{"line":22,"column":26}},"loc":{"start":{"line":22,"column":29},"end":{"line":50,"column":null}}},"2":{"name":"DELETE","decl":{"start":{"line":52,"column":22},"end":{"line":52,"column":29}},"loc":{"start":{"line":52,"column":32},"end":{"line":73,"column":null}}}},"branchMap":{"0":{"loc":{"start":{"line":26,"column":4},"end":{"line":28,"column":null}},"type":"if","locations":[{"start":{"line":26,"column":4},"end":{"line":28,"column":null}}]},"1":{"loc":{"start":{"line":57,"column":4},"end":{"line":59,"column":null}},"type":"if","locations":[{"start":{"line":57,"column":4},"end":{"line":59,"column":null}}]}},"s":{"0":0,"1":0,"2":0,"3":0,"4":0,"5":0,"6":0,"7":0,"8":0,"9":0,"10":0,"11":0,"12":0,"13":0,"14":0,"15":0,"16":0,"17":0,"18":0,"19":0,"20":0,"21":0,"22":0,"23":0,"24":0,"25":0,"26":0},"f":{"0":0,"1":0,"2":0},"b":{"0":[0],"1":[0]}}
,"C:\\Users\\kunda\\OneDrive\\Documents\\React projects\\Moto_Booking_MS-\\src\\app\\api\\auth\\login\\route.js": {"path":"C:\\Users\\kunda\\OneDrive\\Documents\\React projects\\Moto_Booking_MS-\\src\\app\\api\\auth\\login\\route.js","statementMap":{"0":{"start":{"line":6,"column":22},"end":{"line":6,"column":27}},"1":{"start":{"line":1,"column":29},"end":{"line":1,"column":null}},"2":{"start":{"line":2,"column":19},"end":{"line":2,"column":null}},"3":{"start":{"line":3,"column":19},"end":{"line":3,"column":null}},"4":{"start":{"line":4,"column":26},"end":{"line":4,"column":null}},"5":{"start":{"line":7,"column":2},"end":{"line":48,"column":null}},"6":{"start":{"line":8,"column":38},"end":{"line":8,"column":null}},"7":{"start":{"line":10,"column":4},"end":{"line":12,"column":null}},"8":{"start":{"line":11,"column":6},"end":{"line":11,"column":null}},"9":{"start":{"line":14,"column":17},"end":{"line":14,"column":null}},"10":{"start":{"line":16,"column":4},"end":{"line":18,"column":null}},"11":{"start":{"line":17,"column":6},"end":{"line":17,"column":null}},"12":{"start":{"line":20,"column":4},"end":{"line":22,"column":null}},"13":{"start":{"line":21,"column":6},"end":{"line":21,"column":null}},"14":{"start":{"line":24,"column":28},"end":{"line":24,"column":null}},"15":{"start":{"line":25,"column":4},"end":{"line":27,"column":null}},"16":{"start":{"line":26,"column":6},"end":{"line":26,"column":null}},"17":{"start":{"line":29,"column":18},"end":{"line":29,"column":null}},"18":{"start":{"line":31,"column":21},"end":{"line":33,"column":null}},"19":{"start":{"line":36,"column":4},"end":{"line":42,"column":null}},"20":{"start":{"line":44,"column":4},"end":{"line":44,"column":null}},"21":{"start":{"line":46,"column":4},"end":{"line":46,"column":null}},"22":{"start":{"line":47,"column":4},"end":{"line":47,"column":null}}},"fnMap":{"0":{"name":"POST","decl":{"start":{"line":6,"column":22},"end":{"line":6,"column":27}},"loc":{"start":{"line":6,"column":30},"end":{"line":49,"column":null}}}},"branchMap":{"0":{"loc":{"start":{"line":10,"column":4},"end":{"line":12,"column":null}},"type":"if","locations":[{"start":{"line":10,"column":4},"end":{"line":12,"column":null}}]},"1":{"loc":{"start":{"line":10,"column":8},"end":{"line":10,"column":38}},"type":"binary-expr","locations":[{"start":{"line":10,"column":8},"end":{"line":10,"column":18}},{"start":{"line":10,"column":18},"end":{"line":10,"column":31}},{"start":{"line":10,"column":31},"end":{"line":10,"column":38}}]},"2":{"loc":{"start":{"line":16,"column":4},"end":{"line":18,"column":null}},"type":"if","locations":[{"start":{"line":16,"column":4},"end":{"line":18,"column":null}}]},"3":{"loc":{"start":{"line":20,"column":4},"end":{"line":22,"column":null}},"type":"if","locations":[{"start":{"line":20,"column":4},"end":{"line":22,"column":null}}]},"4":{"loc":{"start":{"line":25,"column":4},"end":{"line":27,"column":null}},"type":"if","locations":[{"start":{"line":25,"column":4},"end":{"line":27,"column":null}}]}},"s":{"0":0,"1":0,"2":0,"3":0,"4":0,"5":0,"6":0,"7":0,"8":0,"9":0,"10":0,"11":0,"12":0,"13":0,"14":0,"15":0,"16":0,"17":0,"18":0,"19":0,"20":0,"21":0,"22":0},"f":{"0":0},"b":{"0":[0],"1":[0,0,0],"2":[0],"3":[0],"4":[0]}}
,"C:\\Users\\kunda\\OneDrive\\Documents\\React projects\\Moto_Booking_MS-\\src\\app\\api\\auth\\logout\\route.js": {"path":"C:\\Users\\kunda\\OneDrive\\Documents\\React projects\\Moto_Booking_MS-\\src\\app\\api\\auth\\logout\\route.js","statementMap":{"0":{"start":{"line":3,"column":22},"end":{"line":3,"column":null}},"1":{"start":{"line":1,"column":29},"end":{"line":1,"column":null}},"2":{"start":{"line":4,"column":19},"end":{"line":4,"column":null}},"3":{"start":{"line":5,"column":2},"end":{"line":5,"column":null}},"4":{"start":{"line":6,"column":2},"end":{"line":6,"column":null}}},"fnMap":{"0":{"name":"POST","decl":{"start":{"line":3,"column":22},"end":{"line":3,"column":null}},"loc":{"start":{"line":3,"column":22},"end":{"line":7,"column":null}}}},"branchMap":{},"s":{"0":0,"1":0,"2":0,"3":0,"4":0},"f":{"0":0},"b":{}}
,"C:\\Users\\kunda\\OneDrive\\Documents\\React projects\\Moto_Booking_MS-\\src\\app\\api\\auth\\register\\route.js": {"path":"C:\\Users\\kunda\\OneDrive\\Documents\\React projects\\Moto_Booking_MS-\\src\\app\\api\\auth\\register\\route.js","statementMap":{"0":{"start":{"line":5,"column":22},"end":{"line":5,"column":27}},"1":{"start":{"line":1,"column":29},"end":{"line":1,"column":null}},"2":{"start":{"line":2,"column":19},"end":{"line":2,"column":null}},"3":{"start":{"line":3,"column":19},"end":{"line":3,"column":null}},"4":{"start":{"line":6,"column":2},"end":{"line":6,"column":null}},"5":{"start":{"line":7,"column":2},"end":{"line":72,"column":null}},"6":{"start":{"line":8,"column":55},"end":{"line":8,"column":null}},"7":{"start":{"line":11,"column":4},"end":{"line":16,"column":null}},"8":{"start":{"line":12,"column":6},"end":{"line":14,"column":null}},"9":{"start":{"line":19,"column":23},"end":{"line":19,"column":null}},"10":{"start":{"line":20,"column":4},"end":{"line":25,"column":null}},"11":{"start":{"line":21,"column":6},"end":{"line":23,"column":null}},"12":{"start":{"line":28,"column":25},"end":{"line":30,"column":null}},"13":{"start":{"line":32,"column":4},"end":{"line":37,"column":null}},"14":{"start":{"line":33,"column":6},"end":{"line":35,"column":null}},"15":{"start":{"line":40,"column":27},"end":{"line":40,"column":null}},"16":{"start":{"line":43,"column":17},"end":{"line":60,"column":null}},"17":{"start":{"line":62,"column":4},"end":{"line":64,"column":null}},"18":{"start":{"line":67,"column":4},"end":{"line":67,"column":null}},"19":{"start":{"line":68,"column":4},"end":{"line":70,"column":null}}},"fnMap":{"0":{"name":"POST","decl":{"start":{"line":5,"column":22},"end":{"line":5,"column":27}},"loc":{"start":{"line":5,"column":30},"end":{"line":73,"column":null}}}},"branchMap":{"0":{"loc":{"start":{"line":11,"column":4},"end":{"line":16,"column":null}},"type":"if","locations":[{"start":{"line":11,"column":4},"end":{"line":16,"column":null}}]},"1":{"loc":{"start":{"line":11,"column":8},"end":{"line":11,"column":61}},"type":"binary-expr","locations":[{"start":{"line":11,"column":8},"end":{"line":11,"column":21}},{"start":{"line":11,"column":21},"end":{"line":11,"column":31}},{"start":{"line":11,"column":31},"end":{"line":11,"column":44}},{"start":{"line":11,"column":44},"end":{"line":11,"column":54}},{"start":{"line":11,"column":54},"end":{"line":11,"column":61}}]},"2":{"loc":{"start":{"line":20,"column":4},"end":{"line":25,"column":null}},"type":"if","locations":[{"start":{"line":20,"column":4},"end":{"line":25,"column":null}}]},"3":{"loc":{"start":{"line":32,"column":4},"end":{"line":37,"column":null}},"type":"if","locations":[{"start":{"line":32,"column":4},"end":{"line":37,"column":null}}]},"4":{"loc":{"start":{"line":50,"column":12},"end":{"line":58,"column":14}},"type":"cond-expr","locations":[{"start":{"line":51,"column":12},"end":{"line":57,"column":null}},{"start":{"line":58,"column":12},"end":{"line":58,"column":14}}]}},"s":{"0":0,"1":0,"2":0,"3":0,"4":0,"5":0,"6":0,"7":0,"8":0,"9":0,"10":0,"11":0,"12":0,"13":0,"14":0,"15":0,"16":0,"17":0,"18":0,"19":0},"f":{"0":0},"b":{"0":[0],"1":[0,0,0,0,0],"2":[0],"3":[0],"4":[0,0]}}
,"C:\\Users\\kunda\\OneDrive\\Documents\\React projects\\Moto_Booking_MS-\\src\\app\\api\\customer\\book\\route.js": {"path":"C:\\Users\\kunda\\OneDrive\\Documents\\React projects\\Moto_Booking_MS-\\src\\app\\api\\customer\\book\\route.js","statementMap":{"0":{"start":{"line":6,"column":22},"end":{"line":6,"column":27}},"1":{"start":{"line":1,"column":29},"end":{"line":1,"column":null}},"2":{"start":{"line":2,"column":19},"end":{"line":2,"column":null}},"3":{"start":{"line":3,"column":28},"end":{"line":3,"column":null}},"4":{"start":{"line":4,"column":24},"end":{"line":4,"column":null}},"5":{"start":{"line":7,"column":16},"end":{"line":7,"column":null}},"6":{"start":{"line":8,"column":18},"end":{"line":8,"column":null}},"7":{"start":{"line":10,"column":2},"end":{"line":12,"column":null}},"8":{"start":{"line":11,"column":4},"end":{"line":11,"column":null}},"9":{"start":{"line":14,"column":2},"end":{"line":35,"column":null}},"10":{"start":{"line":15,"column":36},"end":{"line":15,"column":null}},"11":{"start":{"line":17,"column":4},"end":{"line":19,"column":null}},"12":{"start":{"line":18,"column":6},"end":{"line":18,"column":null}},"13":{"start":{"line":21,"column":20},"end":{"line":29,"column":null}},"14":{"start":{"line":31,"column":4},"end":{"line":31,"column":null}},"15":{"start":{"line":33,"column":4},"end":{"line":33,"column":null}},"16":{"start":{"line":34,"column":4},"end":{"line":34,"column":null}}},"fnMap":{"0":{"name":"POST","decl":{"start":{"line":6,"column":22},"end":{"line":6,"column":27}},"loc":{"start":{"line":6,"column":30},"end":{"line":36,"column":null}}}},"branchMap":{"0":{"loc":{"start":{"line":8,"column":18},"end":{"line":8,"column":null}},"type":"cond-expr","locations":[{"start":{"line":8,"column":26},"end":{"line":8,"column":47}},{"start":{"line":8,"column":47},"end":{"line":8,"column":null}}]},"1":{"loc":{"start":{"line":10,"column":2},"end":{"line":12,"column":null}},"type":"if","locations":[{"start":{"line":10,"column":2},"end":{"line":12,"column":null}}]},"2":{"loc":{"start":{"line":10,"column":6},"end":{"line":10,"column":47}},"type":"binary-expr","locations":[{"start":{"line":10,"column":6},"end":{"line":10,"column":18}},{"start":{"line":10,"column":18},"end":{"line":10,"column":47}}]},"3":{"loc":{"start":{"line":17,"column":4},"end":{"line":19,"column":null}},"type":"if","locations":[{"start":{"line":17,"column":4},"end":{"line":19,"column":null}}]},"4":{"loc":{"start":{"line":17,"column":8},"end":{"line":17,"column":33}},"type":"binary-expr","locations":[{"start":{"line":17,"column":8},"end":{"line":17,"column":19}},{"start":{"line":17,"column":19},"end":{"line":17,"column":33}}]}},"s":{"0":0,"1":0,"2":0,"3":0,"4":0,"5":0,"6":0,"7":0,"8":0,"9":0,"10":0,"11":0,"12":0,"13":0,"14":0,"15":0,"16":0},"f":{"0":0},"b":{"0":[0,0],"1":[0],"2":[0,0],"3":[0],"4":[0,0]}}
[...]
d":{"line":30,"column":null}},"type":"binary-expr","locations":[{"start":{"line":30,"column":17},"end":{"line":30,"column":27}},{"start":{"line":30,"column":31},"end":{"line":30,"column":null}}]},"4":{"loc":{"start":{"line":31,"column":25},"end":{"line":31,"column":null}},"type":"binary-expr","locations":[{"start":{"line":31,"column":25},"end":{"line":31,"column":56}},{"start":{"line":31,"column":56},"end":{"line":31,"column":null}}]},"5":{"loc":{"start":{"line":32,"column":23},"end":{"line":32,"column":null}},"type":"binary-expr","locations":[{"start":{"line":32,"column":23},"end":{"line":32,"column":52}},{"start":{"line":32,"column":52},"end":{"line":32,"column":null}}]},"6":{"loc":{"start":{"line":56,"column":6},"end":{"line":59,"column":null}},"type":"if","locations":[{"start":{"line":56,"column":6},"end":{"line":59,"column":null}}]},"7":{"loc":{"start":{"line":58,"column":24},"end":{"line":58,"column":null}},"type":"binary-expr","locations":[{"start":{"line":58,"column":24},"end":{"line":58,"column":36}},{"start":{"line":58,"column":40},"end":{"line":58,"column":null}}]},"8":{"loc":{"start":{"line":70,"column":2},"end":{"line":77,"column":null}},"type":"if","locations":[{"start":{"line":70,"column":2},"end":{"line":77,"column":null}}]},"9":{"loc":{"start":{"line":86,"column":7},"end":{"line":86,"column":19}},"type":"binary-expr","locations":[{"start":{"line":86,"column":7},"end":{"line":86,"column":19}}]},"10":{"loc":{"start":{"line":88,"column":10},"end":{"line":88,"column":null}},"type":"cond-expr","locations":[{"start":{"line":88,"column":39},"end":{"line":88,"column":94}},{"start":{"line":88,"column":94},"end":{"line":88,"column":null}}]},"11":{"loc":{"start":{"line":90,"column":40},"end":{"line":90,"column":79}},"type":"cond-expr","locations":[{"start":{"line":90,"column":40},"end":{"line":90,"column":79}}]},"12":{"loc":{"start":{"line":199,"column":24},"end":{"line":199,"column":72}},"type":"cond-expr","locations":[{"start":{"line":199,"column":24},"end":{"line":199,"column":72}}]}},"s":{"0":0,"1":0,"2":0,"3":0,"4":0,"5":0,"6":0,"7":0,"8":0,"9":0,"10":0,"11":0,"12":0,"13":0,"14":0,"15":0,"16":0,"17":0,"18":0,"19":0,"20":0,"21":0,"22":0,"23":0,"24":0,"25":0,"26":0,"27":0,"28":0,"29":0,"30":0,"31":0,"32":0,"33":0,"34":0,"35":0,"36":0},"f":{"0":0,"1":0,"2":0,"3":0,"4":0,"5":0,"6":0,"7":0},"b":{"0":[0],"1":[0,0],"2":[0,0],"3":[0,0],"4":[0,0],"5":[0,0],"6":[0],"7":[0,0],"8":[0],"9":[0],"10":[0,0],"11":[0],"12":[0]}}
,"C:\\Users\\kunda\\OneDrive\\Documents\\React projects\\Moto_Booking_MS-\\src\\app\\rider\\requests\\page.js": {"path":"C:\\Users\\kunda\\OneDrive\\Documents\\React projects\\Moto_Booking_MS-\\src\\app\\rider\\requests\\page.js","statementMap":{"0":{"start":{"line":7,"column":24},"end":{"line":7,"column":null}},"1":{"start":{"line":3,"column":36},"end":{"line":3,"column":null}},"2":{"start":{"line":4,"column":78},"end":{"line":4,"column":null}},"3":{"start":{"line":5,"column":26},"end":{"line":5,"column":null}},"4":{"start":{"line":8,"column":34},"end":{"line":8,"column":null}},"5":{"start":{"line":9,"column":36},"end":{"line":9,"column":null}},"6":{"start":{"line":10,"column":28},"end":{"line":10,"column":null}},"7":{"start":{"line":11,"column":48},"end":{"line":11,"column":64}},"8":{"start":{"line":12,"column":17},"end":{"line":12,"column":null}},"9":{"start":{"line":14,"column":2},"end":{"line":33,"column":null}},"10":{"start":{"line":15,"column":26},"end":{"line":27,"column":null}},"11":{"start":{"line":16,"column":6},"end":{"line":26,"column":null}},"12":{"start":{"line":17,"column":20},"end":{"line":17,"column":null}},"13":{"start":{"line":18,"column":8},"end":{"line":18,"column":null}},"14":{"start":{"line":18,"column":21},"end":{"line":18,"column":null}},"15":{"start":{"line":20,"column":21},"end":{"line":20,"column":null}},"16":{"start":{"line":21,"column":8},"end":{"line":21,"column":null}},"17":{"start":{"line":23,"column":8},"end":{"line":23,"column":null}},"18":{"start":{"line":25,"column":8},"end":{"line":25,"column":null}},"19":{"start":{"line":29,"column":4},"end":{"line":29,"column":null}},"20":{"start":{"line":31,"column":21},"end":{"line":31,"column":null}},"21":{"start":{"line":32,"column":4},"end":{"line":32,"column":null}},"22":{"start":{"line":32,"column":17},"end":{"line":32,"column":null}},"23":{"start":{"line":35,"column":23},"end":{"line":61,"column":null}},"24":{"start":{"line":36,"column":4},"end":{"line":36,"column":null}},"25":{"start":{"line":37,"column":4},"end":{"line":60,"column":null}},"26":{"start":{"line":38,"column":18},"end":{"line":42,"column":null}},"27":{"start":{"line":44,"column":6},"end":{"line":47,"column":null}},"28":{"start":{"line":45,"column":24},"end":{"line":45,"column":null}},"29":{"start":{"line":46,"column":8},"end":{"line":46,"column":null}},"30":{"start":{"line":50,"column":6},"end":{"line":55,"column":null}},"31":{"start":{"line":51,"column":8},"end":{"line":51,"column":null}},"32":{"start":{"line":54,"column":8},"end":{"line":54,"column":null}},"33":{"start":{"line":54,"column":41},"end":{"line":54,"column":null}},"34":{"start":{"line":57,"column":6},"end":{"line":57,"column":null}},"35":{"start":{"line":59,"column":6},"end":{"line":59,"column":null}},"36":{"start":{"line":63,"column":2},"end":{"line":70,"column":null}},"37":{"start":{"line":88,"column":33},"end":{"line":88,"column":59}},"38":{"start":{"line":93,"column":12},"end":{"line":93,"column":30}},"39":{"start":{"line":128,"column":35},"end":{"line":128,"column":null}},"40":{"start":{"line":136,"column":35},"end":{"line":136,"column":null}}},"fnMap":{"0":{"name":"RiderRequestsPage","decl":{"start":{"line":7,"column":24},"end":{"line":7,"column":null}},"loc":{"start":{"line":7,"column":24},"end":{"line":159,"column":null}}},"1":{"name":"(anonymous_2)","decl":{"start":{"line":14,"column":12},"end":{"line":14,"column":null}},"loc":{"start":{"line":14,"column":12},"end":{"line":33,"column":5}}},"2":{"name":"(anonymous_3)","decl":{"start":{"line":15,"column":26},"end":{"line":15,"column":null}},"loc":{"start":{"line":15,"column":26},"end":{"line":27,"column":null}}},"3":{"name":"(anonymous_4)","decl":{"start":{"line":32,"column":11},"end":{"line":32,"column":17}},"loc":{"start":{"line":32,"column":17},"end":{"line":32,"column":null}}},"4":{"name":"(anonymous_5)","decl":{"start":{"line":35,"column":23},"end":{"line":35,"column":30}},"loc":{"start":{"line":35,"column":41},"end":{"line":61,"column":null}}},"5":{"name":"(anonymous_6)","decl":{"start":{"line":54,"column":36},"end":{"line":54,"column":41}},"loc":{"start":{"line":54,"column":41},"end":{"line":54,"column":null}}},"6":{"name":"(anonymous_7)","decl":{"start":{"line":88,"column":27},"end":{"line":88,"column":33}},"loc":{"start":{"line":88,"column":33},"end":{"line":88,"column":59}}},"7":{"name":"(anonymous_8)","decl":{"start":{"line":92,"column":24},"end":{"line":92,"column":25}},"loc":{"start":{"line":93,"column":12},"end":{"line":93,"column":30}}},"8":{"name":"(anonymous_9)","decl":{"start":{"line":128,"column":29},"end":{"line":128,"column":35}},"loc":{"start":{"line":128,"column":35},"end":{"line":128,"column":null}}},"9":{"name":"(anonymous_10)","decl":{"start":{"line":136,"column":29},"end":{"line":136,"column":35}},"loc":{"start":{"line":136,"column":35},"end":{"line":136,"column":null}}}},"branchMap":{"0":{"loc":{"start":{"line":18,"column":8},"end":{"line":18,"column":null}},"type":"if","locations":[{"start":{"line":18,"column":8},"end":{"line":18,"column":null}}]},"1":{"loc":{"start":{"line":21,"column":20},"end":{"line":21,"column":39}},"type":"binary-expr","locations":[{"start":{"line":21,"column":20},"end":{"line":21,"column":33}},{"start":{"line":21,"column":37},"end":{"line":21,"column":39}}]},"2":{"loc":{"start":{"line":44,"column":6},"end":{"line":47,"column":null}},"type":"if","locations":[{"start":{"line":44,"column":6},"end":{"line":47,"column":null}}]},"3":{"loc":{"start":{"line":46,"column":24},"end":{"line":46,"column":null}},"type":"binary-expr","locations":[{"start":{"line":46,"column":24},"end":{"line":46,"column":39}},{"start":{"line":46,"column":43},"end":{"line":46,"column":null}}]},"4":{"loc":{"start":{"line":50,"column":6},"end":{"line":55,"column":null}},"type":"if","locations":[{"start":{"line":50,"column":6},"end":{"line":55,"column":null}},{"start":{"line":52,"column":13},"end":{"line":55,"column":null}}]},"5":{"loc":{"start":{"line":63,"column":2},"end":{"line":70,"column":null}},"type":"if","locations":[{"start":{"line":63,"column":2},"end":{"line":70,"column":null}}]},"6":{"loc":{"start":{"line":86,"column":8},"end":{"line":90,"column":19}},"type":"cond-expr","locations":[{"start":{"line":86,"column":8},"end":{"line":90,"column":19}}]},"7":{"loc":{"start":{"line":91,"column":8},"end":{"line":149,"column":9}},"type":"cond-expr","locations":[{"start":{"line":91,"column":8},"end":{"line":149,"column":9}}]},"8":{"loc":{"start":{"line":95,"column":70},"end":{"line":95,"column":null}},"type":"binary-expr","locations":[{"start":{"line":95,"column":70},"end":{"line":95,"column":94}},{"start":{"line":95,"column":94},"end":{"line":95,"column":null}}]},"9":{"loc":{"start":{"line":132,"column":50},"end":{"line":132,"column":98}},"type":"cond-expr","locations":[{"start":{"line":132,"column":50},"end":{"line":132,"column":98}}]}},"s":{"0":0,"1":0,"2":0,"3":0,"4":0,"5":0,"6":0,"7":0,"8":0,"9":0,"10":0,"11":0,"12":0,"13":0,"14":0,"15":0,"16":0,"17":0,"18":0,"19":0,"20":0,"21":0,"22":0,"23":0,"24":0,"25":0,"26":0,"27":0,"28":0,"29":0,"30":0,"31":0,"32":0,"33":0,"34":0,"35":0,"36":0,"37":0,"38":0,"39":0,"40":0},"f":{"0":0,"1":0,"2":0,"3":0,"4":0,"5":0,"6":0,"7":0,"8":0,"9":0},"b":{"0":[0],"1":[0,0],"2":[0],"3":[0,0],"4":[0,0],"5":[0],"6":[0],"7":[0],"8":[0,0],"9":[0]}}
,"C:\\Users\\kunda\\OneDrive\\Documents\\React projects\\Moto_Booking_MS-\\src\\components\\layout\\Footer.js": {"path":"C:\\Users\\kunda\\OneDrive\\Documents\\React projects\\Moto_Booking_MS-\\src\\components\\layout\\Footer.js","statementMap":{"0":{"start":{"line":4,"column":24},"end":{"line":4,"column":null}},"1":{"start":{"line":1,"column":17},"end":{"line":1,"column":null}},"2":{"start":{"line":2,"column":42},"end":{"line":2,"column":null}}},"fnMap":{"0":{"name":"Footer","decl":{"start":{"line":4,"column":24},"end":{"line":4,"column":null}},"loc":{"start":{"line":4,"column":24},"end":{"line":56,"column":null}}}},"branchMap":{},"s":{"0":0,"1":0,"2":0},"f":{"0":0},"b":{}}
,"C:\\Users\\kunda\\OneDrive\\Documents\\React projects\\Moto_Booking_MS-\\src\\components\\layout\\Navbar.js": {"path":"C:\\Users\\kunda\\OneDrive\\Documents\\React projects\\Moto_Booking_MS-\\src\\components\\layout\\Navbar.js","statementMap":{"0":{"start":{"line":6,"column":24},"end":{"line":6,"column":null}},"1":{"start":{"line":2,"column":17},"end":{"line":2,"column":null}},"2":{"start":{"line":3,"column":25},"end":{"line":3,"column":null}},"3":{"start":{"line":4,"column":30},"end":{"line":4,"column":null}},"4":{"start":{"line":7,"column":34},"end":{"line":7,"column":null}},"5":{"start":{"line":37,"column":69},"end":{"line":37,"column":null}},"6":{"start":{"line":46,"column":49},"end":{"line":46,"column":69}},"7":{"start":{"line":47,"column":45},"end":{"line":47,"column":65}},"8":{"start":{"line":48,"column":42},"end":{"line":48,"column":62}},"9":{"start":{"line":49,"column":44},"end":{"line":49,"column":64}}},"fnMap":{"0":{"name":"Navbar","decl":{"start":{"line":6,"column":24},"end":{"line":6,"column":null}},"loc":{"start":{"line":6,"column":24},"end":{"line":56,"column":null}}},"1":{"name":"(anonymous_3)","decl":{"start":{"line":37,"column":63},"end":{"line":37,"column":69}},"loc":{"start":{"line":37,"column":69},"end":{"line":37,"column":null}}},"2":{"name":"(anonymous_4)","decl":{"start":{"line":46,"column":43},"end":{"line":46,"column":49}},"loc":{"start":{"line":46,"column":49},"end":{"line":46,"column":69}}},"3":{"name":"(anonymous_5)","decl":{"start":{"line":47,"column":39},"end":{"line":47,"column":45}},"loc":{"start":{"line":47,"column":45},"end":{"line":47,"column":65}}},"4":{"name":"(anonymous_6)","decl":{"start":{"line":48,"column":36},"end":{"line":48,"column":42}},"loc":{"start":{"line":48,"column":42},"end":{"line":48,"column":62}}},"5":{"name":"(anonymous_7)","decl":{"start":{"line":49,"column":38},"end":{"line":49,"column":44}},"loc":{"start":{"line":49,"column":44},"end":{"line":49,"column":64}}}},"branchMap":{"0":{"loc":{"start":{"line":38,"column":24},"end":{"line":38,"column":53}},"type":"cond-expr","locations":[{"start":{"line":38,"column":24},"end":{"line":38,"column":53}}]},"1":{"loc":{"start":{"line":44,"column":7},"end":{"line":44,"column":null}},"type":"binary-expr","locations":[{"start":{"line":44,"column":7},"end":{"line":44,"column":null}}]}},"s":{"0":0,"1":0,"2":0,"3":0,"4":0,"5":0,"6":0,"7":0,"8":0,"9":0},"f":{"0":0,"1":0,"2":0,"3":0,"4":0,"5":0},"b":{"0":[0],"1":[0]}}
,"C:\\Users\\kunda\\OneDrive\\Documents\\React projects\\Moto_Booking_MS-\\src\\components\\layout\\Sidebar.js": {"path":"C:\\Users\\kunda\\OneDrive\\Documents\\React projects\\Moto_Booking_MS-\\src\\components\\layout\\Sidebar.js","statementMap":{"0":{"start":{"line":37,"column":24},"end":{"line":37,"column":32}},"1":{"start":{"line":3,"column":17},"end":{"line":3,"column":null}},"2":{"start":{"line":4,"column":39},"end":{"line":4,"column":null}},"3":{"start":{"line":5,"column":25},"end":{"line":5,"column":null}},"4":{"start":{"line":17,"column":7},"end":{"line":17,"column":null}},"5":{"start":{"line":19,"column":17},"end":{"line":35,"column":null}},"6":{"start":{"line":38,"column":30},"end":{"line":38,"column":null}},"7":{"start":{"line":39,"column":16},"end":{"line":39,"column":36}},"8":{"start":{"line":40,"column":17},"end":{"line":40,"column":null}},"9":{"start":{"line":41,"column":19},"end":{"line":41,"column":null}},"10":{"start":{"line":43,"column":23},"end":{"line":46,"column":null}},"11":{"start":{"line":44,"column":4},"end":{"line":44,"column":null}},"12":{"start":{"line":45,"column":4},"end":{"line":45,"column":null}},"13":{"start":{"line":48,"column":23},"end":{"line":48,"column":null}},"14":{"start":{"line":48,"column":29},"end":{"line":48,"column":null}},"15":{"start":{"line":54,"column":23},"end":{"line":54,"column":null}},"16":{"start":{"line":88,"column":25},"end":{"line":88,"column":34}},"17":{"start":{"line":89,"column":29},"end":{"line":89,"column":51}},"18":{"start":{"line":90,"column":12},"end":{"line":92,"column":null}}},"fnMap":{"0":{"name":"Sidebar","decl":{"start":{"line":37,"column":24},"end":{"line":37,"column":32}},"loc":{"start":{"line":37,"column":40},"end":{"line":124,"column":null}}},"1":{"name":"(anonymous_3)","decl":{"start":{"line":43,"column":23},"end":{"line":43,"column":null}},"loc":{"start":{"line":43,"column":23},"end":{"line":46,"column":null}}},"2":{"name":"(anonymous_4)","decl":{"start":{"line":48,"column":23},"end":{"line":48,"column":29}},"loc":{"start":{"line":48,"column":29},"end":{"line":48,"column":null}}},"3":{"name":"(anonymous_5)","decl":{"start":{"line":54,"column":17},"end":{"line":54,"column":23}},"loc":{"start":{"line":54,"column":23},"end":{"line":54,"column":null}}},"4":{"name":"(anonymous_6)","decl":{"start":{"line":87,"column":21},"end":{"line":87,"column":22}},"loc":{"start":{"line":87,"column":22},"end":{"line":109,"column":null}}}},"branchMap":{"0":{"loc":{"start":{"line":39,"column":16},"end":{"line":39,"column":36}},"type":"binary-expr","locations":[{"start":{"line":39,"column":16},"end":{"line":39,"column":30}},{"start":{"line":39,"column":34},"end":{"line":39,"column":36}}]},"1":{"loc":{"start":{"line":58,"column":18},"end":{"line":58,"column":47}},"type":"cond-expr","locations":[{"start":{"line":58,"column":18},"end":{"line":58,"column":47}}]},"2":{"loc":{"start":{"line":62,"column":7},"end":{"line":62,"column":null}},"type":"binary-expr","locations":[{"start":{"line":62,"column":7},"end":{"line":62,"column":null}}]},"3":{"loc":{"start":{"line":74,"column":10},"end":{"line":74,"column":74}},"type":"cond-expr","locations":[{"start":{"line":74,"column":19},"end":{"line":74,"column":37}},{"start":{"line":74,"column":37},"end":{"line":74,"column":74}}]},"4":{"loc":{"start":{"line":96,"column":18},"end":{"line":98,"column":null}},"type":"cond-expr","locations":[{"start":{"line":97,"column":22},"end":{"line":97,"column":null}},{"start":{"line":98,"column":22},"end":{"line":98,"column":null}}]},"5":{"loc":{"start":{"line":102,"column":18},"end":{"line":104,"column":null}},"type":"cond-expr","locations":[{"start":{"line":103,"column":22},"end":{"line":103,"column":null}},{"start":{"line":104,"column":22},"end":{"line":104,"column":null}}]}},"s":{"0":0,"1":0,"2":0,"3":0,"4":0,"5":0,"6":0,"7":0,"8":0,"9":0,"10":0,"11":0,"12":0,"13":0,"14":0,"15":0,"16":0,"17":0,"18":0},"f":{"0":0,"1":0,"2":0,"3":0,"4":0},"b":{"0":[0,0],"1":[0],"2":[0],"3":[0,0],"4":[0,0],"5":[0,0]}}
,"C:\\Users\\kunda\\OneDrive\\Documents\\React projects\\Moto_Booking_MS-\\src\\lib\\jwt.js": {"path":"C:\\Users\\kunda\\OneDrive\\Documents\\React projects\\Moto_Booking_MS-\\src\\lib\\jwt.js","statementMap":{"0":{"start":{"line":5,"column":16},"end":{"line":5,"column":26}},"1":{"start":{"line":9,"column":16},"end":{"line":9,"column":28}},"2":{"start":{"line":1,"column":16},"end":{"line":1,"column":null}},"3":{"start":{"line":3,"column":15},"end":{"line":3,"column":37}},"4":{"start":{"line":6,"column":2},"end":{"line":6,"column":null}},"5":{"start":{"line":10,"column":2},"end":{"line":14,"column":null}},"6":{"start":{"line":11,"column":4},"end":{"line":11,"column":null}},"7":{"start":{"line":13,"column":4},"end":{"line":13,"column":null}}},"fnMap":{"0":{"name":"signToken","decl":{"start":{"line":5,"column":16},"end":{"line":5,"column":26}},"loc":{"start":{"line":5,"column":33},"end":{"line":7,"column":null}}},"1":{"name":"verifyToken","decl":{"start":{"line":9,"column":16},"end":{"line":9,"column":28}},"loc":{"start":{"line":9,"column":33},"end":{"line":15,"column":null}}}},"branchMap":{},"s":{"0":0,"1":0,"2":0,"3":0,"4":0,"5":0,"6":0,"7":0},"f":{"0":0,"1":0},"b":{}}
,"C:\\Users\\kunda\\OneDrive\\Documents\\React projects\\Moto_Booking_MS-\\src\\lib\\prisma.js": {"path":"C:\\Users\\kunda\\OneDrive\\Documents\\React projects\\Moto_Booking_MS-\\src\\lib\\prisma.js","statementMap":{"0":{"start":{"line":16,"column":0},"end":{"line":16,"column":15}},"1":{"start":{"line":1,"column":29},"end":{"line":1,"column":null}},"2":{"start":{"line":2,"column":25},"end":{"line":2,"column":null}},"3":{"start":{"line":3,"column":15},"end":{"line":3,"column":null}},"4":{"start":{"line":5,"column":30},"end":{"line":10,"column":null}},"5":{"start":{"line":6,"column":27},"end":{"line":6,"column":56}},"6":{"start":{"line":7,"column":15},"end":{"line":7,"column":null}},"7":{"start":{"line":8,"column":18},"end":{"line":8,"column":null}},"8":{"start":{"line":9,"column":2},"end":{"line":9,"column":null}},"9":{"start":{"line":12,"column":24},"end":{"line":12,"column":null}},"10":{"start":{"line":14,"column":15},"end":{"line":14,"column":null}},"11":{"start":{"line":16,"column":15},"end":{"line":16,"column":null}},"12":{"start":{"line":18,"column":0},"end":{"line":18,"column":null}},"13":{"start":{"line":18,"column":43},"end":{"line":18,"column":null}}},"fnMap":{"0":{"name":"(anonymous_2)","decl":{"start":{"line":5,"column":30},"end":{"line":5,"column":null}},"loc":{"start":{"line":5,"column":30},"end":{"line":10,"column":null}}}},"branchMap":{"0":{"loc":{"start":{"line":14,"column":15},"end":{"line":14,"column":null}},"type":"binary-expr","locations":[{"start":{"line":14,"column":15},"end":{"line":14,"column":37}},{"start":{"line":14,"column":41},"end":{"line":14,"column":null}}]},"1":{"loc":{"start":{"line":18,"column":0},"end":{"line":18,"column":null}},"type":"if","locations":[{"start":{"line":18,"column":0},"end":{"line":18,"column":null}}]}},"s":{"0":0,"1":0,"2":0,"3":0,"4":0,"5":0,"6":0,"7":0,"8":0,"9":0,"10":0,"11":0,"12":0,"13":0},"f":{"0":0},"b":{"0":[0,0],"1":[0]}}
}
